[BENCHMARK] Purging threads and shutting down... exiting!   0:00.00 rcuob/8                                                                           
[SCOREBOARD TRACK: rubis-001] waiting 60 seconds for worker thread to exit!
[SCOREBOARD TRACK: rubis-001] drop off queue size: 0
[SCOREBOARD TRACK: rubis-001] processing queue size: 0
[SCOREBOARD TRACK: rubis-001] worker thread finished!
[SCOREBOARD TRACK: rubis-001] Interval results-------------------: 
[SCOREBOARD TRACK: rubis-001] Final results----------------------: 
[SCOREBOARD TRACK: rubis-001] Target host                        : rubis.php.test.org
[SCOREBOARD TRACK: rubis-001] Total drop offs                    : 39723
[SCOREBOARD TRACK: rubis-001] Average drop off Q time (ms)       : 0.0003
[SCOREBOARD TRACK: rubis-001] Max drop off Q time (ms)           : 1
[SCOREBOARD TRACK: rubis-001] Total interval activations         : 0.0000
[SCOREBOARD TRACK: rubis-001] Average number of users            : 0.0000
[SCOREBOARD TRACK: rubis-001] Offered load (ops/sec)             : 40.3100
[SCOREBOARD TRACK: rubis-001] Effective load (ops/sec)           : 29.0478
[SCOREBOARD TRACK: rubis-001] Little's Law Estimate (ops/sec)    : 0.0000
[SCOREBOARD TRACK: rubis-001] Variation from Little's Law (%)    : ?
[SCOREBOARD TRACK: rubis-001] Effective load (requests/sec)      : 29.0478
[SCOREBOARD TRACK: rubis-001] Operations initiated               : 36279
[SCOREBOARD TRACK: rubis-001] Operations successfully completed  : 26143
[SCOREBOARD TRACK: rubis-001] Average operation response time (s): 3.7557
[SCOREBOARD TRACK: rubis-001] Operations late                    : 19
[SCOREBOARD TRACK: rubis-001] Operations failed                  : 10117
[SCOREBOARD TRACK: rubis-001] Async Ops                          : 0 0.0000%
[SCOREBOARD TRACK: rubis-001] Sync Ops                           : 36260 100.0000%
[SCOREBOARD TRACK: rubis-001] Mean response time sample interval : 500 (using Poisson sampling)
[SCOREBOARD TRACK: rubis-001]|           operation|proportion| successes|  failures|avg response|min response|max response|  90th (s)|  99th (s)|                                            pctile|
[SCOREBOARD TRACK: rubis-001]|                    |          |          |          |    time (s)|    time (s)|     time(s)|          |          |                                           samples|
[SCOREBOARD TRACK: rubis-001]|              Browse|  3.4225% |       981|       260|      1.9998|      0.0029|     19.2199|    7.3520|    7.3520|          5/981 (mu: 2.3214, sd: 3.0103 t: 0.2389)|
[SCOREBOARD TRACK: rubis-001]|   Browse-Categories|  2.8075% |       731|       287|      2.4830|      0.0185|     11.6313|    0.3990|    0.3990|          1/731 (mu: 0.3990, sd: 0.0000 t: 0.0000)|
[SCOREBOARD TRACK: rubis-001]|Browse-Categories-By-Region|  1.2714% |       357|       104|      2.1533|      0.0188|     10.0082|    0.3985|    0.3985|          1/357 (mu: 0.3985, sd: 0.0000 t: 0.0000)|
[SCOREBOARD TRACK: rubis-001]|      Browse-Regions|  1.1280% |       302|       107|      2.2437|      0.0159|      9.9925|    0.0476|    0.0476|          1/302 (mu: 0.0476, sd: 0.0000 t: 0.0000)|
[SCOREBOARD TRACK: rubis-001]|                Home|  0.1986% |        54|        18|      2.0470|      0.0031|     19.3192|    3.0010|    3.0010|          2/54 (mu: 1.5269, sd: 2.0847 t: -0.3528)|
[SCOREBOARD TRACK: rubis-001]|Search-Items-By-Category|  6.2714% |      1549|       725|      2.5147|      0.0169|     15.3859|    0.0765|    0.0765|      4/1549 (mu: 0.0503, sd: 0.0296 t: -166.2400)|
[SCOREBOARD TRACK: rubis-001]|Search-Items-By-Region|  3.0860% |       814|       305|      2.4446|      0.0117|     19.2697|    0.1897|    0.1897|          1/814 (mu: 0.1897, sd: 0.0000 t: 0.0000)|
[SCOREBOARD TRACK: rubis-001]|    View-Bid-History|  1.7871% |       452|       196|      2.8199|      0.2746|      9.9766|    1.3180|    1.3180|         2/452 (mu: 1.0701, sd: 0.3506 t: -7.0592)|
[SCOREBOARD TRACK: rubis-001]|           View-Item|  4.8621% |      1334|       429|      1.8013|      0.0001|     16.7431|    5.9474|    5.9474|        4/1334 (mu: 1.5337, sd: 2.9433 t: -0.1818)|
[SCOREBOARD TRACK: rubis-001]|View-User-Information| 75.1655% |     19569|      7686|      4.2561|      0.0118|     21.1953|   11.5633|   11.6381|       28/19569 (mu: 4.5807, sd: 3.1145 t: 0.5515)|

[SCOREBOARD TRACK: rubis-001] Error Summary Results              : 274 types of error(s)
[SCOREBOARD TRACK: rubis-001] Problems in performing request to URL: http://rubis.php.test.org:8280/html/PHP/ (HTTP status code: 503) (class java.io.IOException): 3
[SCOREBOARD TRACK: rubis-001] Problems in performing request to URL: http://rubis.php.test.org:8280/html/PHP/BrowseCategories.php (HTTP status code: 503) (class java.io.IOException): 40
[SCOREBOARD TRACK: rubis-001] Problems in performing request to URL: http://rubis.php.test.org:8280/html/PHP/BrowseCategories.php?region=CA--Oakland (HTTP status code: 503) (class java.io.IOException): 1
[SCOREBOARD TRACK: rubis-001] Problems in performing request to URL: http://rubis.php.test.org:8280/html/PHP/BrowseCategories.php?region=CA--Sacramento (HTTP status code: 503) (class java.io.IOException): 2
[SCOREBOARD TRACK: rubis-001] Problems in performing request to URL: http://rubis.php.test.org:8280/html/PHP/BrowseCategories.php?region=CA--San+Diego (HTTP status code: 503) (class java.io.IOException): 1
[SCOREBOARD TRACK: rubis-001] Problems in performing request to URL: http://rubis.php.test.org:8280/html/PHP/BrowseCategories.php?region=CA--San+Francisco (HTTP status code: 503) (class java.io.IOException): 1
[SCOREBOARD TRACK: rubis-001] Problems in performing request to URL: http://rubis.php.test.org:8280/html/PHP/BrowseCategories.php?region=MD--Baltimore (HTTP status code: 503) (class java.io.IOException): 2
[SCOREBOARD TRACK: rubis-001] Problems in performing request to URL: http://rubis.php.test.org:8280/html/PHP/BrowseCategories.php?region=MI--Grand+Rapids (HTTP status code: 503) (class java.io.IOException): 1
[SCOREBOARD TRACK: rubis-001] Problems in performing request to URL: http://rubis.php.test.org:8280/html/PHP/BrowseCategories.php?region=NY--New+York (HTTP status code: 503) (class java.io.IOException): 1
[SCOREBOARD TRACK: rubis-001] Problems in performing request to URL: http://rubis.php.test.org:8280/html/PHP/BrowseCategories.php?region=PA--Pittsburgh (HTTP status code: 503) (class java.io.IOException): 2
[SCOREBOARD TRACK: rubis-001] Problems in performing request to URL: http://rubis.php.test.org:8280/html/PHP/BrowseCategories.php?region=TX--Dallas-Fort+Worth (HTTP status code: 503) (class java.io.IOException): 1
[SCOREBOARD TRACK: rubis-001] Problems in performing request to URL: http://rubis.php.test.org:8280/html/PHP/BrowseCategories.php?region=TX--Houston (HTTP status code: 503) (class java.io.IOException): 1
[SCOREBOARD TRACK: rubis-001] Problems in performing request to URL: http://rubis.php.test.org:8280/html/PHP/BrowseRegions.php (HTTP status code: 503) (class java.io.IOException): 11
[SCOREBOARD TRACK: rubis-001] Problems in performing request to URL: http://rubis.php.test.org:8280/html/PHP/SearchItemsByCategory.php?category=113&categoryName=++++Software&page=0&nbOfItems=50 (HTTP status code: 503) (class java.io.IOException): 1
[SCOREBOARD TRACK: rubis-001] Problems in performing request to URL: http://rubis.php.test.org:8280/html/PHP/SearchItemsByCategory.php?category=116&categoryName=Consumer+Electronics&page=0&nbOfItems=50 (HTTP status code: 503) (class java.io.IOException): 1
[SCOREBOARD TRACK: rubis-001] Problems in performing request to URL: http://rubis.php.test.org:8280/html/PHP/SearchItemsByCategory.php?category=117&categoryName=++++Car+Audio+%26+Electronics&page=0&nbOfItems=50 (HTTP status code: 503) (class java.io.IOException): 1
[SCOREBOARD TRACK: rubis-001] Problems in performing request to URL: http://rubis.php.test.org:8280/html/PHP/SearchItemsByCategory.php?category=119&categoryName=++++Home+Audio+%26+Video&page=1&nbOfItems=50 (HTTP status code: 503) (class java.io.IOException): 1
[SCOREBOARD TRACK: rubis-001] Problems in performing request to URL: http://rubis.php.test.org:8280/html/PHP/SearchItemsByCategory.php?category=12&categoryName=++++Folk+Art&page=1&nbOfItems=50 (HTTP status code: 503) (class java.io.IOException): 1
[SCOREBOARD TRACK: rubis-001] Problems in performing request to URL: http://rubis.php.test.org:8280/html/PHP/SearchItemsByCategory.php?category=124&categoryName=++++Video+Games&page=0&nbOfItems=50 (HTTP status code: 503) (class java.io.IOException): 1
[SCOREBOARD TRACK: rubis-001] Problems in performing request to URL: http://rubis.php.test.org:8280/html/PHP/SearchItemsByCategory.php?category=125&categoryName=Dolls+%26+Bears&page=0&nbOfItems=50 (HTTP status code: 503) (class java.io.IOException): 1
[SCOREBOARD TRACK: rubis-001] Problems in performing request to URL: http://rubis.php.test.org:8280/html/PHP/SearchItemsByCategory.php?category=125&categoryName=Dolls+%26+Bears&page=1&nbOfItems=50 (HTTP status code: 503) (class java.io.IOException): 1
[SCOREBOARD TRACK: rubis-001] Problems in performing request to URL: http://rubis.php.test.org:8280/html/PHP/SearchItemsByCategory.php?category=128&categoryName=++++Doll+Clothes%2C+Furniture&page=0&nbOfItems=50 (HTTP status code: 503) (class java.io.IOException): 1
[SCOREBOARD TRACK: rubis-001] Problems in performing request to URL: http://rubis.php.test.org:8280/html/PHP/SearchItemsByCategory.php?category=133&categoryName=Home+%26+Garden&page=0&nbOfItems=50 (HTTP status code: 503) (class java.io.IOException): 3
[SCOREBOARD TRACK: rubis-001] Problems in performing request to URL: http://rubis.php.test.org:8280/html/PHP/SearchItemsByCategory.php?category=138&categoryName=++++Home+Furnishings&page=4&nbOfItems=50 (HTTP status code: 503) (class java.io.IOException): 1
[SCOREBOARD TRACK: rubis-001] Problems in performing request to URL: http://rubis.php.test.org:8280/html/PHP/SearchItemsByCategory.php?category=144&categoryName=Jewelry%2C+Gems+%26+Watches&page=0&nbOfItems=50 (HTTP status code: 503) (class java.io.IOException): 3
[SCOREBOARD TRACK: rubis-001] Problems in performing request to URL: http://rubis.php.test.org:8280/html/PHP/SearchItemsByCategory.php?category=145&categoryName=++++Beads%2C+Amulets&page=1&nbOfItems=50 (HTTP status code: 503) (class java.io.IOException): 1
[SCOREBOARD TRACK: rubis-001] Problems in performing request to URL: http://rubis.php.test.org:8280/html/PHP/SearchItemsByCategory.php?category=146&categoryName=++++Costume+Jewelry&page=0&nbOfItems=50 (HTTP status code: 503) (class java.io.IOException): 2
[SCOREBOARD TRACK: rubis-001] Problems in performing request to URL: http://rubis.php.test.org:8280/html/PHP/SearchItemsByCategory.php?category=150&categoryName=++++Designer%2C+Artisan+Jewelry&page=0&nbOfItems=50 (HTTP status code: 503) (class java.io.IOException): 1
[SCOREBOARD TRACK: rubis-001] Problems in performing request to URL: http://rubis.php.test.org:8280/html/PHP/SearchItemsByCategory.php?category=156&categoryName=Movies+%26+Television&page=0&nbOfItems=50 (HTTP status code: 503) (class java.io.IOException): 1
[SCOREBOARD TRACK: rubis-001] Problems in performing request to URL: http://rubis.php.test.org:8280/html/PHP/SearchItemsByCategory.php?category=157&categoryName=++++Memorabilia&page=1&nbOfItems=50 (HTTP status code: 503) (class java.io.IOException): 1
[SCOREBOARD TRACK: rubis-001] Problems in performing request to URL: http://rubis.php.test.org:8280/html/PHP/SearchItemsByCategory.php?category=158&categoryName=++++Video%2C+Film&page=0&nbOfItems=50 (HTTP status code: 503) (class java.io.IOException): 2
[SCOREBOARD TRACK: rubis-001] Problems in performing request to URL: http://rubis.php.test.org:8280/html/PHP/SearchItemsByCategory.php?category=162&categoryName=++++Printed%2C+Recorded&page=0&nbOfItems=50 (HTTP status code: 502) (class java.io.IOException): 1
[SCOREBOARD TRACK: rubis-001] Problems in performing request to URL: http://rubis.php.test.org:8280/html/PHP/SearchItemsByCategory.php?category=162&categoryName=++++Printed%2C+Recorded&page=0&nbOfItems=50 (HTTP status code: 503) (class java.io.IOException): 1
[SCOREBOARD TRACK: rubis-001] Problems in performing request to URL: http://rubis.php.test.org:8280/html/PHP/SearchItemsByCategory.php?category=162&categoryName=++++Printed%2C+Recorded&page=1&nbOfItems=50 (HTTP status code: 503) (class java.io.IOException): 1
[SCOREBOARD TRACK: rubis-001] Problems in performing request to URL: http://rubis.php.test.org:8280/html/PHP/SearchItemsByCategory.php?category=172&categoryName=Pottery+%26+Glass&page=0&nbOfItems=50 (HTTP status code: 503) (class java.io.IOException): 1
[SCOREBOARD TRACK: rubis-001] Problems in performing request to URL: http://rubis.php.test.org:8280/html/PHP/SearchItemsByCategory.php?category=174&categoryName=++++Pottery+%26+China&page=0&nbOfItems=50 (HTTP status code: 503) (class java.io.IOException): 1
[SCOREBOARD TRACK: rubis-001] Problems in performing request to URL: http://rubis.php.test.org:8280/html/PHP/SearchItemsByCategory.php?category=174&categoryName=++++Pottery+%26+China&page=1&nbOfItems=50 (HTTP status code: 503) (class java.io.IOException): 1
[SCOREBOARD TRACK: rubis-001] Problems in performing request to URL: http://rubis.php.test.org:8280/html/PHP/SearchItemsByCategory.php?category=175&categoryName=Sports&page=0&nbOfItems=50 (HTTP status code: 503) (class java.io.IOException): 4
[SCOREBOARD TRACK: rubis-001] Problems in performing request to URL: http://rubis.php.test.org:8280/html/PHP/SearchItemsByCategory.php?category=178&categoryName=++++Sporting+Goods&page=0&nbOfItems=50 (HTTP status code: 503) (class java.io.IOException): 1
[SCOREBOARD TRACK: rubis-001] Problems in performing request to URL: http://rubis.php.test.org:8280/html/PHP/SearchItemsByCategory.php?category=179&categoryName=++++Trading+Cards&page=0&nbOfItems=50 (HTTP status code: 503) (class java.io.IOException): 4
[SCOREBOARD TRACK: rubis-001] Problems in performing request to URL: http://rubis.php.test.org:8280/html/PHP/SearchItemsByCategory.php?category=179&categoryName=++++Trading+Cards&page=5&nbOfItems=50 (HTTP status code: 503) (class java.io.IOException): 1
[SCOREBOARD TRACK: rubis-001] Problems in performing request to URL: http://rubis.php.test.org:8280/html/PHP/SearchItemsByCategory.php?category=190&categoryName=++++Topical&page=0&nbOfItems=50 (HTTP status code: 503) (class java.io.IOException): 1
[SCOREBOARD TRACK: rubis-001] Problems in performing request to URL: http://rubis.php.test.org:8280/html/PHP/SearchItemsByCategory.php?category=194&categoryName=Toys+%26+Hobbies&page=0&nbOfItems=50 (HTTP status code: 503) (class java.io.IOException): 4
[SCOREBOARD TRACK: rubis-001] Problems in performing request to URL: http://rubis.php.test.org:8280/html/PHP/SearchItemsByCategory.php?category=198&categoryName=++++Diecast%2C+Toy+Vehicles&page=0&nbOfItems=50 (HTTP status code: 503) (class java.io.IOException): 1
[SCOREBOARD TRACK: rubis-001] Problems in performing request to URL: http://rubis.php.test.org:8280/html/PHP/SearchItemsByCategory.php?category=2&categoryName=++++General&page=0&nbOfItems=50 (HTTP status code: 503) (class java.io.IOException): 2
[SCOREBOARD TRACK: rubis-001] Problems in performing request to URL: http://rubis.php.test.org:8280/html/PHP/SearchItemsByCategory.php?category=203&categoryName=++++Hobbies+%26+Crafts&page=0&nbOfItems=50 (HTTP status code: 503) (class java.io.IOException): 1
[SCOREBOARD TRACK: rubis-001] Problems in performing request to URL: http://rubis.php.test.org:8280/html/PHP/SearchItemsByCategory.php?category=208&categoryName=++++Stuffed+Animals%2C+Beanbag&page=0&nbOfItems=50 (HTTP status code: 503) (class java.io.IOException): 5
[SCOREBOARD TRACK: rubis-001] Problems in performing request to URL: http://rubis.php.test.org:8280/html/PHP/SearchItemsByCategory.php?category=208&categoryName=++++Stuffed+Animals%2C+Beanbag&page=1&nbOfItems=50 (HTTP status code: 503) (class java.io.IOException): 1
[SCOREBOARD TRACK: rubis-001] Problems in performing request to URL: http://rubis.php.test.org:8280/html/PHP/SearchItemsByCategory.php?category=212&categoryName=Everything+Else&page=0&nbOfItems=50 (HTTP status code: 503) (class java.io.IOException): 1
[SCOREBOARD TRACK: rubis-001] Problems in performing request to URL: http://rubis.php.test.org:8280/html/PHP/SearchItemsByCategory.php?category=29&categoryName=Books&page=0&nbOfItems=50 (HTTP status code: 503) (class java.io.IOException): 2
[SCOREBOARD TRACK: rubis-001] Problems in performing request to URL: http://rubis.php.test.org:8280/html/PHP/SearchItemsByCategory.php?category=34&categoryName=++++Cookbooks&page=0&nbOfItems=50 (HTTP status code: 503) (class java.io.IOException): 1
[SCOREBOARD TRACK: rubis-001] Problems in performing request to URL: http://rubis.php.test.org:8280/html/PHP/SearchItemsByCategory.php?category=36&categoryName=++++First+Editions&page=0&nbOfItems=50 (HTTP status code: 503) (class java.io.IOException): 1
[SCOREBOARD TRACK: rubis-001] Problems in performing request to URL: http://rubis.php.test.org:8280/html/PHP/SearchItemsByCategory.php?category=36&categoryName=++++First+Editions&page=1&nbOfItems=50 (HTTP status code: 503) (class java.io.IOException): 1
[SCOREBOARD TRACK: rubis-001] Problems in performing request to URL: http://rubis.php.test.org:8280/html/PHP/SearchItemsByCategory.php?category=67&categoryName=Clothing+%26+Accessories&page=0&nbOfItems=50 (HTTP status code: 503) (class java.io.IOException): 2
[SCOREBOARD TRACK: rubis-001] Problems in performing request to URL: http://rubis.php.test.org:8280/html/PHP/SearchItemsByCategory.php?category=67&categoryName=Clothing+%26+Accessories&page=1&nbOfItems=50 (HTTP status code: 503) (class java.io.IOException): 1
[SCOREBOARD TRACK: rubis-001] Problems in performing request to URL: http://rubis.php.test.org:8280/html/PHP/SearchItemsByCategory.php?category=69&categoryName=++++Boys&page=0&nbOfItems=50 (HTTP status code: 503) (class java.io.IOException): 1
[SCOREBOARD TRACK: rubis-001] Problems in performing request to URL: http://rubis.php.test.org:8280/html/PHP/SearchItemsByCategory.php?category=7&categoryName=++++Asian+Antiques&page=0&nbOfItems=50 (HTTP status code: 503) (class java.io.IOException): 1
[SCOREBOARD TRACK: rubis-001] Problems in performing request to URL: http://rubis.php.test.org:8280/html/PHP/SearchItemsByCategory.php?category=72&categoryName=++++Personal+Care&page=0&nbOfItems=50 (HTTP status code: 503) (class java.io.IOException): 3
[SCOREBOARD TRACK: rubis-001] Problems in performing request to URL: http://rubis.php.test.org:8280/html/PHP/SearchItemsByCategory.php?category=75&categoryName=Coins&page=1&nbOfItems=50 (HTTP status code: 503) (class java.io.IOException): 1
[SCOREBOARD TRACK: rubis-001] Problems in performing request to URL: http://rubis.php.test.org:8280/html/PHP/SearchItemsByCategory.php?category=76&categoryName=++++Coins%3A+US&page=0&nbOfItems=50 (HTTP status code: 503) (class java.io.IOException): 1
[SCOREBOARD TRACK: rubis-001] Problems in performing request to URL: http://rubis.php.test.org:8280/html/PHP/SearchItemsByCategory.php?category=82&categoryName=Collectibles&page=0&nbOfItems=50 (HTTP status code: 503) (class java.io.IOException): 6
[SCOREBOARD TRACK: rubis-001] Problems in performing request to URL: http://rubis.php.test.org:8280/html/PHP/SearchItemsByCategory.php?category=82&categoryName=Collectibles&page=1&nbOfItems=50 (HTTP status code: 503) (class java.io.IOException): 3
[SCOREBOARD TRACK: rubis-001] Problems in performing request to URL: http://rubis.php.test.org:8280/html/PHP/SearchItemsByCategory.php?category=82&categoryName=Collectibles&page=3&nbOfItems=50 (HTTP status code: 503) (class java.io.IOException): 1
[SCOREBOARD TRACK: rubis-001] Problems in performing request to URL: http://rubis.php.test.org:8280/html/PHP/SearchItemsByCategory.php?category=84&categoryName=++++Animals&page=0&nbOfItems=50 (HTTP status code: 503) (class java.io.IOException): 1
[SCOREBOARD TRACK: rubis-001] Problems in performing request to URL: http://rubis.php.test.org:8280/html/PHP/SearchItemsByCategory.php?category=85&categoryName=++++Art%2C+Animation+%26+Photo+Images&page=0&nbOfItems=50 (HTTP status code: 503) (class java.io.IOException): 2
[SCOREBOARD TRACK: rubis-001] Problems in performing request to URL: http://rubis.php.test.org:8280/html/PHP/SearchItemsByCategory.php?category=86&categoryName=++++Autographs%2C+Paper+%26+Writing&page=0&nbOfItems=50 (HTTP status code: 503) (class java.io.IOException): 3
[SCOREBOARD TRACK: rubis-001] Problems in performing request to URL: http://rubis.php.test.org:8280/html/PHP/SearchItemsByCategory.php?category=88&categoryName=++++Cultures+%26+Religions&page=0&nbOfItems=50 (HTTP status code: 503) (class java.io.IOException): 1
[SCOREBOARD TRACK: rubis-001] Problems in performing request to URL: http://rubis.php.test.org:8280/html/PHP/SearchItemsByCategory.php?category=89&categoryName=++++Decorative+%26+Holiday&page=0&nbOfItems=50 (HTTP status code: 502) (class java.io.IOException): 1
[SCOREBOARD TRACK: rubis-001] Problems in performing request to URL: http://rubis.php.test.org:8280/html/PHP/SearchItemsByCategory.php?category=89&categoryName=++++Decorative+%26+Holiday&page=0&nbOfItems=50 (HTTP status code: 503) (class java.io.IOException): 2
[SCOREBOARD TRACK: rubis-001] Problems in performing request to URL: http://rubis.php.test.org:8280/html/PHP/SearchItemsByCategory.php?category=89&categoryName=++++Decorative+%26+Holiday&page=1&nbOfItems=50 (HTTP status code: 503) (class java.io.IOException): 2
[SCOREBOARD TRACK: rubis-001] Problems in performing request to URL: http://rubis.php.test.org:8280/html/PHP/SearchItemsByCategory.php?category=90&categoryName=++++Disneyana&page=0&nbOfItems=50 (HTTP status code: 503) (class java.io.IOException): 1
[SCOREBOARD TRACK: rubis-001] Problems in performing request to URL: http://rubis.php.test.org:8280/html/PHP/SearchItemsByCategory.php?category=91&categoryName=++++Furnishings%2C+Knives+%26+Tools&page=0&nbOfItems=50 (HTTP status code: 503) (class java.io.IOException): 1
[SCOREBOARD TRACK: rubis-001] Problems in performing request to URL: http://rubis.php.test.org:8280/html/PHP/SearchItemsByCategory.php?category=92&categoryName=++++Historical+Memorabilia&page=0&nbOfItems=50 (HTTP status code: 503) (class java.io.IOException): 1
[SCOREBOARD TRACK: rubis-001] Problems in performing request to URL: http://rubis.php.test.org:8280/html/PHP/SearchItemsByCategory.php?category=93&categoryName=++++Housewares+%26+Kitchenware&page=1&nbOfItems=50 (HTTP status code: 503) (class java.io.IOException): 1
[SCOREBOARD TRACK: rubis-001] Problems in performing request to URL: http://rubis.php.test.org:8280/html/PHP/SearchItemsByCategory.php?category=97&categoryName=++++Transportation&page=0&nbOfItems=50 (HTTP status code: 503) (class java.io.IOException): 1
[SCOREBOARD TRACK: rubis-001] Problems in performing request to URL: http://rubis.php.test.org:8280/html/PHP/SearchItemsByRegion.php?region=13&category=162&categoryName=++++Printed%2C+Recorded&page=0&nbOfItems=50 (HTTP status code: 503) (class java.io.IOException): 1
[SCOREBOARD TRACK: rubis-001] Problems in performing request to URL: http://rubis.php.test.org:8280/html/PHP/SearchItemsByRegion.php?region=14&category=2&categoryName=++++General&page=0&nbOfItems=50 (HTTP status code: 503) (class java.io.IOException): 1
[SCOREBOARD TRACK: rubis-001] Problems in performing request to URL: http://rubis.php.test.org:8280/html/PHP/SearchItemsByRegion.php?region=17&category=194&categoryName=Toys+%26+Hobbies&page=0&nbOfItems=50 (HTTP status code: 503) (class java.io.IOException): 1
[SCOREBOARD TRACK: rubis-001] Problems in performing request to URL: http://rubis.php.test.org:8280/html/PHP/SearchItemsByRegion.php?region=18&category=145&categoryName=++++Beads%2C+Amulets&page=1&nbOfItems=50 (HTTP status code: 503) (class java.io.IOException): 1
[SCOREBOARD TRACK: rubis-001] Problems in performing request to URL: http://rubis.php.test.org:8280/html/PHP/SearchItemsByRegion.php?region=19&category=162&categoryName=++++Printed%2C+Recorded&page=0&nbOfItems=50 (HTTP status code: 503) (class java.io.IOException): 1
[SCOREBOARD TRACK: rubis-001] Problems in performing request to URL: http://rubis.php.test.org:8280/html/PHP/SearchItemsByRegion.php?region=2&category=74&categoryName=++++Women&page=0&nbOfItems=50 (HTTP status code: 503) (class java.io.IOException): 1
[SCOREBOARD TRACK: rubis-001] Problems in performing request to URL: http://rubis.php.test.org:8280/html/PHP/SearchItemsByRegion.php?region=22&category=194&categoryName=Toys+%26+Hobbies&page=0&nbOfItems=50 (HTTP status code: 503) (class java.io.IOException): 1
[SCOREBOARD TRACK: rubis-001] Problems in performing request to URL: http://rubis.php.test.org:8280/html/PHP/SearchItemsByRegion.php?region=25&category=158&categoryName=++++Video%2C+Film&page=0&nbOfItems=50 (HTTP status code: 503) (class java.io.IOException): 1
[SCOREBOARD TRACK: rubis-001] Problems in performing request to URL: http://rubis.php.test.org:8280/html/PHP/SearchItemsByRegion.php?region=27&category=179&categoryName=++++Trading+Cards&page=0&nbOfItems=50 (HTTP status code: 503) (class java.io.IOException): 1
[SCOREBOARD TRACK: rubis-001] Problems in performing request to URL: http://rubis.php.test.org:8280/html/PHP/SearchItemsByRegion.php?region=29&category=175&categoryName=Sports&page=0&nbOfItems=50 (HTTP status code: 503) (class java.io.IOException): 1
[SCOREBOARD TRACK: rubis-001] Problems in performing request to URL: http://rubis.php.test.org:8280/html/PHP/SearchItemsByRegion.php?region=29&category=98&categoryName=++++Vintage+Clothing%2C+Accessories&page=0&nbOfItems=50 (HTTP status code: 503) (class java.io.IOException): 1
[SCOREBOARD TRACK: rubis-001] Problems in performing request to URL: http://rubis.php.test.org:8280/html/PHP/SearchItemsByRegion.php?region=31&category=138&categoryName=++++Home+Furnishings&page=0&nbOfItems=50 (HTTP status code: 503) (class java.io.IOException): 1
[SCOREBOARD TRACK: rubis-001] Problems in performing request to URL: http://rubis.php.test.org:8280/html/PHP/SearchItemsByRegion.php?region=31&category=39&categoryName=++++Nonfiction&page=0&nbOfItems=50 (HTTP status code: 503) (class java.io.IOException): 1
[SCOREBOARD TRACK: rubis-001] Problems in performing request to URL: http://rubis.php.test.org:8280/html/PHP/SearchItemsByRegion.php?region=35&category=82&categoryName=Collectibles&page=0&nbOfItems=50 (HTTP status code: 503) (class java.io.IOException): 1
[SCOREBOARD TRACK: rubis-001] Problems in performing request to URL: http://rubis.php.test.org:8280/html/PHP/SearchItemsByRegion.php?region=35&category=86&categoryName=++++Autographs%2C+Paper+%26+Writing&page=1&nbOfItems=50 (HTTP status code: 503) (class java.io.IOException): 1
[SCOREBOARD TRACK: rubis-001] Problems in performing request to URL: http://rubis.php.test.org:8280/html/PHP/SearchItemsByRegion.php?region=40&category=148&categoryName=++++Fine+Jewelry&page=0&nbOfItems=50 (HTTP status code: 503) (class java.io.IOException): 1
[SCOREBOARD TRACK: rubis-001] Problems in performing request to URL: http://rubis.php.test.org:8280/html/PHP/SearchItemsByRegion.php?region=43&category=82&categoryName=Collectibles&page=0&nbOfItems=50 (HTTP status code: 503) (class java.io.IOException): 1
[SCOREBOARD TRACK: rubis-001] Problems in performing request to URL: http://rubis.php.test.org:8280/html/PHP/SearchItemsByRegion.php?region=44&category=82&categoryName=Collectibles&page=0&nbOfItems=50 (HTTP status code: 503) (class java.io.IOException): 1
[SCOREBOARD TRACK: rubis-001] Problems in performing request to URL: http://rubis.php.test.org:8280/html/PHP/SearchItemsByRegion.php?region=47&category=100&categoryName=++++Apple%2C+Macintosh&page=0&nbOfItems=50 (HTTP status code: 503) (class java.io.IOException): 1
[SCOREBOARD TRACK: rubis-001] Problems in performing request to URL: http://rubis.php.test.org:8280/html/PHP/SearchItemsByRegion.php?region=47&category=208&categoryName=++++Stuffed+Animals%2C+Beanbag&page=0&nbOfItems=50 (HTTP status code: 503) (class java.io.IOException): 1
[SCOREBOARD TRACK: rubis-001] Problems in performing request to URL: http://rubis.php.test.org:8280/html/PHP/SearchItemsByRegion.php?region=49&category=219&categoryName=++++Gifts+%26+Party+Supplies&page=1&nbOfItems=50 (HTTP status code: 503) (class java.io.IOException): 1
[SCOREBOARD TRACK: rubis-001] Problems in performing request to URL: http://rubis.php.test.org:8280/html/PHP/SearchItemsByRegion.php?region=49&category=67&categoryName=Clothing+%26+Accessories&page=1&nbOfItems=50 (HTTP status code: 503) (class java.io.IOException): 1
[SCOREBOARD TRACK: rubis-001] Problems in performing request to URL: http://rubis.php.test.org:8280/html/PHP/SearchItemsByRegion.php?region=5&category=179&categoryName=++++Trading+Cards&page=1&nbOfItems=50 (HTTP status code: 503) (class java.io.IOException): 1
[SCOREBOARD TRACK: rubis-001] Problems in performing request to URL: http://rubis.php.test.org:8280/html/PHP/SearchItemsByRegion.php?region=5&category=74&categoryName=++++Women&page=1&nbOfItems=50 (HTTP status code: 503) (class java.io.IOException): 1
[SCOREBOARD TRACK: rubis-001] Problems in performing request to URL: http://rubis.php.test.org:8280/html/PHP/SearchItemsByRegion.php?region=5&category=82&categoryName=Collectibles&page=1&nbOfItems=50 (HTTP status code: 503) (class java.io.IOException): 1
[SCOREBOARD TRACK: rubis-001] Problems in performing request to URL: http://rubis.php.test.org:8280/html/PHP/SearchItemsByRegion.php?region=50&category=6&categoryName=++++Art%3A+Fine&page=0&nbOfItems=50 (HTTP status code: 503) (class java.io.IOException): 1
[SCOREBOARD TRACK: rubis-001] Problems in performing request to URL: http://rubis.php.test.org:8280/html/PHP/SearchItemsByRegion.php?region=52&category=82&categoryName=Collectibles&page=0&nbOfItems=50 (HTTP status code: 503) (class java.io.IOException): 1
[SCOREBOARD TRACK: rubis-001] Problems in performing request to URL: http://rubis.php.test.org:8280/html/PHP/SearchItemsByRegion.php?region=59&category=95&categoryName=++++Pop+Culture&page=0&nbOfItems=50 (HTTP status code: 503) (class java.io.IOException): 1
[SCOREBOARD TRACK: rubis-001] Problems in performing request to URL: http://rubis.php.test.org:8280/html/PHP/SearchItemsByRegion.php?region=6&category=130&categoryName=++++Dolls&page=0&nbOfItems=50 (HTTP status code: 503) (class java.io.IOException): 1
[SCOREBOARD TRACK: rubis-001] Problems in performing request to URL: http://rubis.php.test.org:8280/html/PHP/SearchItemsByRegion.php?region=60&category=144&categoryName=Jewelry%2C+Gems+%26+Watches&page=0&nbOfItems=50 (HTTP status code: 503) (class java.io.IOException): 1
[SCOREBOARD TRACK: rubis-001] Problems in performing request to URL: http://rubis.php.test.org:8280/html/PHP/SearchItemsByRegion.php?region=7&category=191&categoryName=Tickets+%26+Travel&page=0&nbOfItems=50 (HTTP status code: 503) (class java.io.IOException): 1
[SCOREBOARD TRACK: rubis-001] Problems in performing request to URL: http://rubis.php.test.org:8280/html/PHP/SearchItemsByRegion.php?region=7&category=74&categoryName=++++Women&page=0&nbOfItems=50 (HTTP status code: 503) (class java.io.IOException): 1
[SCOREBOARD TRACK: rubis-001] Problems in performing request to URL: http://rubis.php.test.org:8280/html/PHP/SearchItemsByRegion.php?region=8&category=144&categoryName=Jewelry%2C+Gems+%26+Watches&page=0&nbOfItems=50 (HTTP status code: 503) (class java.io.IOException): 1
[SCOREBOARD TRACK: rubis-001] Problems in performing request to URL: http://rubis.php.test.org:8280/html/PHP/ViewBidHistory.php?itemId=1119 (HTTP status code: 503) (class java.io.IOException): 1
[SCOREBOARD TRACK: rubis-001] Problems in performing request to URL: http://rubis.php.test.org:8280/html/PHP/ViewBidHistory.php?itemId=1354 (HTTP status code: 503) (class java.io.IOException): 1
[SCOREBOARD TRACK: rubis-001] Problems in performing request to URL: http://rubis.php.test.org:8280/html/PHP/ViewBidHistory.php?itemId=1404 (HTTP status code: 503) (class java.io.IOException): 1
[SCOREBOARD TRACK: rubis-001] Problems in performing request to URL: http://rubis.php.test.org:8280/html/PHP/ViewBidHistory.php?itemId=1833 (HTTP status code: 503) (class java.io.IOException): 1
[SCOREBOARD TRACK: rubis-001] Problems in performing request to URL: http://rubis.php.test.org:8280/html/PHP/ViewBidHistory.php?itemId=20968 (HTTP status code: 503) (class java.io.IOException): 1
[SCOREBOARD TRACK: rubis-001] Problems in performing request to URL: http://rubis.php.test.org:8280/html/PHP/ViewBidHistory.php?itemId=2217 (HTTP status code: 503) (class java.io.IOException): 1
[SCOREBOARD TRACK: rubis-001] Problems in performing request to URL: http://rubis.php.test.org:8280/html/PHP/ViewBidHistory.php?itemId=2417 (HTTP status code: 503) (class java.io.IOException): 2
[SCOREBOARD TRACK: rubis-001] Problems in performing request to URL: http://rubis.php.test.org:8280/html/PHP/ViewBidHistory.php?itemId=2937 (HTTP status code: 503) (class java.io.IOException): 1
[SCOREBOARD TRACK: rubis-001] Problems in performing request to URL: http://rubis.php.test.org:8280/html/PHP/ViewBidHistory.php?itemId=31659 (HTTP status code: 503) (class java.io.IOException): 1
[SCOREBOARD TRACK: rubis-001] Problems in performing request to URL: http://rubis.php.test.org:8280/html/PHP/ViewBidHistory.php?itemId=40532 (HTTP status code: 503) (class java.io.IOException): 1
[SCOREBOARD TRACK: rubis-001] Problems in performing request to URL: http://rubis.php.test.org:8280/html/PHP/ViewBidHistory.php?itemId=44379 (HTTP status code: 503) (class java.io.IOException): 1
[SCOREBOARD TRACK: rubis-001] Problems in performing request to URL: http://rubis.php.test.org:8280/html/PHP/ViewBidHistory.php?itemId=48718 (HTTP status code: 503) (class java.io.IOException): 1
[SCOREBOARD TRACK: rubis-001] Problems in performing request to URL: http://rubis.php.test.org:8280/html/PHP/ViewBidHistory.php?itemId=5419 (HTTP status code: 503) (class java.io.IOException): 1
[SCOREBOARD TRACK: rubis-001] Problems in performing request to URL: http://rubis.php.test.org:8280/html/PHP/ViewBidHistory.php?itemId=64759 (HTTP status code: 503) (class java.io.IOException): 1
[SCOREBOARD TRACK: rubis-001] Problems in performing request to URL: http://rubis.php.test.org:8280/html/PHP/ViewBidHistory.php?itemId=65325 (HTTP status code: 503) (class java.io.IOException): 1
[SCOREBOARD TRACK: rubis-001] Problems in performing request to URL: http://rubis.php.test.org:8280/html/PHP/ViewItem.php?itemId=1047 (HTTP status code: 503) (class java.io.IOException): 1
[SCOREBOARD TRACK: rubis-001] Problems in performing request to URL: http://rubis.php.test.org:8280/html/PHP/ViewItem.php?itemId=1064 (HTTP status code: 502) (class java.io.IOException): 1
[SCOREBOARD TRACK: rubis-001] Problems in performing request to URL: http://rubis.php.test.org:8280/html/PHP/ViewItem.php?itemId=1133 (HTTP status code: 503) (class java.io.IOException): 1
[SCOREBOARD TRACK: rubis-001] Problems in performing request to URL: http://rubis.php.test.org:8280/html/PHP/ViewItem.php?itemId=1171 (HTTP status code: 503) (class java.io.IOException): 1
[SCOREBOARD TRACK: rubis-001] Problems in performing request to URL: http://rubis.php.test.org:8280/html/PHP/ViewItem.php?itemId=1176 (HTTP status code: 503) (class java.io.IOException): 1
[SCOREBOARD TRACK: rubis-001] Problems in performing request to URL: http://rubis.php.test.org:8280/html/PHP/ViewItem.php?itemId=1216 (HTTP status code: 503) (class java.io.IOException): 1
[SCOREBOARD TRACK: rubis-001] Problems in performing request to URL: http://rubis.php.test.org:8280/html/PHP/ViewItem.php?itemId=1291 (HTTP status code: 503) (class java.io.IOException): 1
[SCOREBOARD TRACK: rubis-001] Problems in performing request to URL: http://rubis.php.test.org:8280/html/PHP/ViewItem.php?itemId=1309 (HTTP status code: 503) (class java.io.IOException): 1
[SCOREBOARD TRACK: rubis-001] Problems in performing request to URL: http://rubis.php.test.org:8280/html/PHP/ViewItem.php?itemId=13509 (HTTP status code: 503) (class java.io.IOException): 1
[SCOREBOARD TRACK: rubis-001] Problems in performing request to URL: http://rubis.php.test.org:8280/html/PHP/ViewItem.php?itemId=1402 (HTTP status code: 503) (class java.io.IOException): 1
[SCOREBOARD TRACK: rubis-001] Problems in performing request to URL: http://rubis.php.test.org:8280/html/PHP/ViewItem.php?itemId=1408 (HTTP status code: 503) (class java.io.IOException): 1
[SCOREBOARD TRACK: rubis-001] Problems in performing request to URL: http://rubis.php.test.org:8280/html/PHP/ViewItem.php?itemId=1443 (HTTP status code: 502) (class java.io.IOException): 1
[SCOREBOARD TRACK: rubis-001] Problems in performing request to URL: http://rubis.php.test.org:8280/html/PHP/ViewItem.php?itemId=1454 (HTTP status code: 503) (class java.io.IOException): 1
[SCOREBOARD TRACK: rubis-001] Problems in performing request to URL: http://rubis.php.test.org:8280/html/PHP/ViewItem.php?itemId=1470 (HTTP status code: 503) (class java.io.IOException): 1
[SCOREBOARD TRACK: rubis-001] Problems in performing request to URL: http://rubis.php.test.org:8280/html/PHP/ViewItem.php?itemId=1498 (HTTP status code: 503) (class java.io.IOException): 1
[SCOREBOARD TRACK: rubis-001] Problems in performing request to URL: http://rubis.php.test.org:8280/html/PHP/ViewItem.php?itemId=1517 (HTTP status code: 503) (class java.io.IOException): 1
[SCOREBOARD TRACK: rubis-001] Problems in performing request to URL: http://rubis.php.test.org:8280/html/PHP/ViewItem.php?itemId=1528 (HTTP status code: 503) (class java.io.IOException): 1
[SCOREBOARD TRACK: rubis-001] Problems in performing request to URL: http://rubis.php.test.org:8280/html/PHP/ViewItem.php?itemId=1557 (HTTP status code: 503) (class java.io.IOException): 1
[SCOREBOARD TRACK: rubis-001] Problems in performing request to URL: http://rubis.php.test.org:8280/html/PHP/ViewItem.php?itemId=1581 (HTTP status code: 503) (class java.io.IOException): 1
[SCOREBOARD TRACK: rubis-001] Problems in performing request to URL: http://rubis.php.test.org:8280/html/PHP/ViewItem.php?itemId=16303 (HTTP status code: 503) (class java.io.IOException): 1
[SCOREBOARD TRACK: rubis-001] Problems in performing request to URL: http://rubis.php.test.org:8280/html/PHP/ViewItem.php?itemId=1675 (HTTP status code: 503) (class java.io.IOException): 1
[SCOREBOARD TRACK: rubis-001] Problems in performing request to URL: http://rubis.php.test.org:8280/html/PHP/ViewItem.php?itemId=1751 (HTTP status code: 503) (class java.io.IOException): 1
[SCOREBOARD TRACK: rubis-001] Problems in performing request to URL: http://rubis.php.test.org:8280/html/PHP/ViewItem.php?itemId=19202 (HTTP status code: 503) (class java.io.IOException): 1
[SCOREBOARD TRACK: rubis-001] Problems in performing request to URL: http://rubis.php.test.org:8280/html/PHP/ViewItem.php?itemId=19952 (HTTP status code: 503) (class java.io.IOException): 1
[SCOREBOARD TRACK: rubis-001] Problems in performing request to URL: http://rubis.php.test.org:8280/html/PHP/ViewItem.php?itemId=2011 (HTTP status code: 503) (class java.io.IOException): 1
[SCOREBOARD TRACK: rubis-001] Problems in performing request to URL: http://rubis.php.test.org:8280/html/PHP/ViewItem.php?itemId=2113 (HTTP status code: 503) (class java.io.IOException): 1
[SCOREBOARD TRACK: rubis-001] Problems in performing request to URL: http://rubis.php.test.org:8280/html/PHP/ViewItem.php?itemId=2144 (HTTP status code: 503) (class java.io.IOException): 1
[SCOREBOARD TRACK: rubis-001] Problems in performing request to URL: http://rubis.php.test.org:8280/html/PHP/ViewItem.php?itemId=2287 (HTTP status code: 503) (class java.io.IOException): 1
[SCOREBOARD TRACK: rubis-001] Problems in performing request to URL: http://rubis.php.test.org:8280/html/PHP/ViewItem.php?itemId=24579 (HTTP status code: 503) (class java.io.IOException): 1
[SCOREBOARD TRACK: rubis-001] Problems in performing request to URL: http://rubis.php.test.org:8280/html/PHP/ViewItem.php?itemId=2485 (HTTP status code: 503) (class java.io.IOException): 1
[SCOREBOARD TRACK: rubis-001] Problems in performing request to URL: http://rubis.php.test.org:8280/html/PHP/ViewItem.php?itemId=2650 (HTTP status code: 503) (class java.io.IOException): 2
[SCOREBOARD TRACK: rubis-001] Problems in performing request to URL: http://rubis.php.test.org:8280/html/PHP/ViewItem.php?itemId=2721 (HTTP status code: 503) (class java.io.IOException): 1
[SCOREBOARD TRACK: rubis-001] Problems in performing request to URL: http://rubis.php.test.org:8280/html/PHP/ViewItem.php?itemId=28277 (HTTP status code: 503) (class java.io.IOException): 1
[SCOREBOARD TRACK: rubis-001] Problems in performing request to URL: http://rubis.php.test.org:8280/html/PHP/ViewItem.php?itemId=2836 (HTTP status code: 503) (class java.io.IOException): 1
[SCOREBOARD TRACK: rubis-001] Problems in performing request to URL: http://rubis.php.test.org:8280/html/PHP/ViewItem.php?itemId=31631 (HTTP status code: 503) (class java.io.IOException): 1
[SCOREBOARD TRACK: rubis-001] Problems in performing request to URL: http://rubis.php.test.org:8280/html/PHP/ViewItem.php?itemId=31726 (HTTP status code: 503) (class java.io.IOException): 1
[SCOREBOARD TRACK: rubis-001] Problems in performing request to URL: http://rubis.php.test.org:8280/html/PHP/ViewItem.php?itemId=3204 (HTTP status code: 503) (class java.io.IOException): 1
[SCOREBOARD TRACK: rubis-001] Problems in performing request to URL: http://rubis.php.test.org:8280/html/PHP/ViewItem.php?itemId=32517 (HTTP status code: 503) (class java.io.IOException): 1
[SCOREBOARD TRACK: rubis-001] Problems in performing request to URL: http://rubis.php.test.org:8280/html/PHP/ViewItem.php?itemId=32521 (HTTP status code: 503) (class java.io.IOException): 1
[SCOREBOARD TRACK: rubis-001] Problems in performing request to URL: http://rubis.php.test.org:8280/html/PHP/ViewItem.php?itemId=3427 (HTTP status code: 503) (class java.io.IOException): 1
[SCOREBOARD TRACK: rubis-001] Problems in performing request to URL: http://rubis.php.test.org:8280/html/PHP/ViewItem.php?itemId=3758 (HTTP status code: 503) (class java.io.IOException): 1
[SCOREBOARD TRACK: rubis-001] Problems in performing request to URL: http://rubis.php.test.org:8280/html/PHP/ViewItem.php?itemId=3802 (HTTP status code: 503) (class java.io.IOException): 1
[SCOREBOARD TRACK: rubis-001] Problems in performing request to URL: http://rubis.php.test.org:8280/html/PHP/ViewItem.php?itemId=3809 (HTTP status code: 503) (class java.io.IOException): 1
[SCOREBOARD TRACK: rubis-001] Problems in performing request to URL: http://rubis.php.test.org:8280/html/PHP/ViewItem.php?itemId=38165 (HTTP status code: 503) (class java.io.IOException): 1
[SCOREBOARD TRACK: rubis-001] Problems in performing request to URL: http://rubis.php.test.org:8280/html/PHP/ViewItem.php?itemId=3950 (HTTP status code: 503) (class java.io.IOException): 1
[SCOREBOARD TRACK: rubis-001] Problems in performing request to URL: http://rubis.php.test.org:8280/html/PHP/ViewItem.php?itemId=40809 (HTTP status code: 503) (class java.io.IOException): 1
[SCOREBOARD TRACK: rubis-001] Problems in performing request to URL: http://rubis.php.test.org:8280/html/PHP/ViewItem.php?itemId=41094 (HTTP status code: 503) (class java.io.IOException): 1
[SCOREBOARD TRACK: rubis-001] Problems in performing request to URL: http://rubis.php.test.org:8280/html/PHP/ViewItem.php?itemId=4191 (HTTP status code: 502) (class java.io.IOException): 1
[SCOREBOARD TRACK: rubis-001] Problems in performing request to URL: http://rubis.php.test.org:8280/html/PHP/ViewItem.php?itemId=41970 (HTTP status code: 503) (class java.io.IOException): 1
[SCOREBOARD TRACK: rubis-001] Problems in performing request to URL: http://rubis.php.test.org:8280/html/PHP/ViewItem.php?itemId=42334 (HTTP status code: 503) (class java.io.IOException): 1
[SCOREBOARD TRACK: rubis-001] Problems in performing request to URL: http://rubis.php.test.org:8280/html/PHP/ViewItem.php?itemId=4343 (HTTP status code: 503) (class java.io.IOException): 1
[SCOREBOARD TRACK: rubis-001] Problems in performing request to URL: http://rubis.php.test.org:8280/html/PHP/ViewItem.php?itemId=43494 (HTTP status code: 503) (class java.io.IOException): 1
[SCOREBOARD TRACK: rubis-001] Problems in performing request to URL: http://rubis.php.test.org:8280/html/PHP/ViewItem.php?itemId=4389 (HTTP status code: 503) (class java.io.IOException): 1
[SCOREBOARD TRACK: rubis-001] Problems in performing request to URL: http://rubis.php.test.org:8280/html/PHP/ViewItem.php?itemId=44987 (HTTP status code: 503) (class java.io.IOException): 1
[SCOREBOARD TRACK: rubis-001] Problems in performing request to URL: http://rubis.php.test.org:8280/html/PHP/ViewItem.php?itemId=4512 (HTTP status code: 503) (class java.io.IOException): 1
[SCOREBOARD TRACK: rubis-001] Problems in performing request to URL: http://rubis.php.test.org:8280/html/PHP/ViewItem.php?itemId=5006 (HTTP status code: 503) (class java.io.IOException): 1
[SCOREBOARD TRACK: rubis-001] Problems in performing request to URL: http://rubis.php.test.org:8280/html/PHP/ViewItem.php?itemId=52063 (HTTP status code: 503) (class java.io.IOException): 1
[SCOREBOARD TRACK: rubis-001] Problems in performing request to URL: http://rubis.php.test.org:8280/html/PHP/ViewItem.php?itemId=54470 (HTTP status code: 503) (class java.io.IOException): 1
[SCOREBOARD TRACK: rubis-001] Problems in performing request to URL: http://rubis.php.test.org:8280/html/PHP/ViewItem.php?itemId=5501 (HTTP status code: 503) (class java.io.IOException): 1
[SCOREBOARD TRACK: rubis-001] Problems in performing request to URL: http://rubis.php.test.org:8280/html/PHP/ViewItem.php?itemId=56107 (HTTP status code: 503) (class java.io.IOException): 1
[SCOREBOARD TRACK: rubis-001] Problems in performing request to URL: http://rubis.php.test.org:8280/html/PHP/ViewItem.php?itemId=59782 (HTTP status code: 503) (class java.io.IOException): 1
[SCOREBOARD TRACK: rubis-001] Problems in performing request to URL: http://rubis.php.test.org:8280/html/PHP/ViewItem.php?itemId=61067 (HTTP status code: 503) (class java.io.IOException): 1
[SCOREBOARD TRACK: rubis-001] Problems in performing request to URL: http://rubis.php.test.org:8280/html/PHP/ViewItem.php?itemId=62664 (HTTP status code: 503) (class java.io.IOException): 1
[SCOREBOARD TRACK: rubis-001] Problems in performing request to URL: http://rubis.php.test.org:8280/html/PHP/ViewItem.php?itemId=6500 (HTTP status code: 503) (class java.io.IOException): 1
[SCOREBOARD TRACK: rubis-001] Problems in performing request to URL: http://rubis.php.test.org:8280/html/PHP/ViewItem.php?itemId=6544 (HTTP status code: 503) (class java.io.IOException): 1
[SCOREBOARD TRACK: rubis-001] Problems in performing request to URL: http://rubis.php.test.org:8280/html/PHP/ViewUserInfo.php?userId=1 (HTTP status code: 503) (class java.io.IOException): 553
[SCOREBOARD TRACK: rubis-001] Problems in performing request to URL: http://rubis.php.test.org:8280/html/PHP/ViewUserInfo.php?userId=11 (HTTP status code: 503) (class java.io.IOException): 2
[SCOREBOARD TRACK: rubis-001] Problems in performing request to URL: http://rubis.php.test.org:8280/html/PHP/ViewUserInfo.php?userId=124 (HTTP status code: 503) (class java.io.IOException): 1
[SCOREBOARD TRACK: rubis-001] Problems in performing request to URL: http://rubis.php.test.org:8280/html/PHP/ViewUserInfo.php?userId=125 (HTTP status code: 503) (class java.io.IOException): 3
[SCOREBOARD TRACK: rubis-001] Problems in performing request to URL: http://rubis.php.test.org:8280/html/PHP/ViewUserInfo.php?userId=131 (HTTP status code: 503) (class java.io.IOException): 3
[SCOREBOARD TRACK: rubis-001] Problems in performing request to URL: http://rubis.php.test.org:8280/html/PHP/ViewUserInfo.php?userId=133 (HTTP status code: 503) (class java.io.IOException): 1
[SCOREBOARD TRACK: rubis-001] Problems in performing request to URL: http://rubis.php.test.org:8280/html/PHP/ViewUserInfo.php?userId=134 (HTTP status code: 503) (class java.io.IOException): 1
[SCOREBOARD TRACK: rubis-001] Problems in performing request to URL: http://rubis.php.test.org:8280/html/PHP/ViewUserInfo.php?userId=137 (HTTP status code: 503) (class java.io.IOException): 2
[SCOREBOARD TRACK: rubis-001] Problems in performing request to URL: http://rubis.php.test.org:8280/html/PHP/ViewUserInfo.php?userId=14 (HTTP status code: 503) (class java.io.IOException): 159
[SCOREBOARD TRACK: rubis-001] Problems in performing request to URL: http://rubis.php.test.org:8280/html/PHP/ViewUserInfo.php?userId=141 (HTTP status code: 503) (class java.io.IOException): 1
[SCOREBOARD TRACK: rubis-001] Problems in performing request to URL: http://rubis.php.test.org:8280/html/PHP/ViewUserInfo.php?userId=146 (HTTP status code: 503) (class java.io.IOException): 1
[SCOREBOARD TRACK: rubis-001] Problems in performing request to URL: http://rubis.php.test.org:8280/html/PHP/ViewUserInfo.php?userId=153 (HTTP status code: 503) (class java.io.IOException): 3
[SCOREBOARD TRACK: rubis-001] Problems in performing request to URL: http://rubis.php.test.org:8280/html/PHP/ViewUserInfo.php?userId=155 (HTTP status code: 503) (class java.io.IOException): 1
[SCOREBOARD TRACK: rubis-001] Problems in performing request to URL: http://rubis.php.test.org:8280/html/PHP/ViewUserInfo.php?userId=156 (HTTP status code: 503) (class java.io.IOException): 1
[SCOREBOARD TRACK: rubis-001] Problems in performing request to URL: http://rubis.php.test.org:8280/html/PHP/ViewUserInfo.php?userId=163 (HTTP status code: 503) (class java.io.IOException): 1
[SCOREBOARD TRACK: rubis-001] Problems in performing request to URL: http://rubis.php.test.org:8280/html/PHP/ViewUserInfo.php?userId=164 (HTTP status code: 503) (class java.io.IOException): 1
[SCOREBOARD TRACK: rubis-001] Problems in performing request to URL: http://rubis.php.test.org:8280/html/PHP/ViewUserInfo.php?userId=165 (HTTP status code: 503) (class java.io.IOException): 1
[SCOREBOARD TRACK: rubis-001] Problems in performing request to URL: http://rubis.php.test.org:8280/html/PHP/ViewUserInfo.php?userId=17 (HTTP status code: 503) (class java.io.IOException): 2
[SCOREBOARD TRACK: rubis-001] Problems in performing request to URL: http://rubis.php.test.org:8280/html/PHP/ViewUserInfo.php?userId=174 (HTTP status code: 503) (class java.io.IOException): 1
[SCOREBOARD TRACK: rubis-001] Problems in performing request to URL: http://rubis.php.test.org:8280/html/PHP/ViewUserInfo.php?userId=175 (HTTP status code: 503) (class java.io.IOException): 3
[SCOREBOARD TRACK: rubis-001] Problems in performing request to URL: http://rubis.php.test.org:8280/html/PHP/ViewUserInfo.php?userId=178 (HTTP status code: 503) (class java.io.IOException): 1
[SCOREBOARD TRACK: rubis-001] Problems in performing request to URL: http://rubis.php.test.org:8280/html/PHP/ViewUserInfo.php?userId=179 (HTTP status code: 503) (class java.io.IOException): 7
[SCOREBOARD TRACK: rubis-001] Problems in performing request to URL: http://rubis.php.test.org:8280/html/PHP/ViewUserInfo.php?userId=18 (HTTP status code: 503) (class java.io.IOException): 50
[SCOREBOARD TRACK: rubis-001] Problems in performing request to URL: http://rubis.php.test.org:8280/html/PHP/ViewUserInfo.php?userId=183 (HTTP status code: 503) (class java.io.IOException): 2
[SCOREBOARD TRACK: rubis-001] Problems in performing request to URL: http://rubis.php.test.org:8280/html/PHP/ViewUserInfo.php?userId=192 (HTTP status code: 503) (class java.io.IOException): 1
[SCOREBOARD TRACK: rubis-001] Problems in performing request to URL: http://rubis.php.test.org:8280/html/PHP/ViewUserInfo.php?userId=195 (HTTP status code: 503) (class java.io.IOException): 2
[SCOREBOARD TRACK: rubis-001] Problems in performing request to URL: http://rubis.php.test.org:8280/html/PHP/ViewUserInfo.php?userId=196 (HTTP status code: 503) (class java.io.IOException): 1
[SCOREBOARD TRACK: rubis-001] Problems in performing request to URL: http://rubis.php.test.org:8280/html/PHP/ViewUserInfo.php?userId=20 (HTTP status code: 503) (class java.io.IOException): 1
[SCOREBOARD TRACK: rubis-001] Problems in performing request to URL: http://rubis.php.test.org:8280/html/PHP/ViewUserInfo.php?userId=200 (HTTP status code: 503) (class java.io.IOException): 1
[SCOREBOARD TRACK: rubis-001] Problems in performing request to URL: http://rubis.php.test.org:8280/html/PHP/ViewUserInfo.php?userId=203 (HTTP status code: 503) (class java.io.IOException): 2
[SCOREBOARD TRACK: rubis-001] Problems in performing request to URL: http://rubis.php.test.org:8280/html/PHP/ViewUserInfo.php?userId=209 (HTTP status code: 503) (class java.io.IOException): 1
[SCOREBOARD TRACK: rubis-001] Problems in performing request to URL: http://rubis.php.test.org:8280/html/PHP/ViewUserInfo.php?userId=211 (HTTP status code: 503) (class java.io.IOException): 10
[SCOREBOARD TRACK: rubis-001] Problems in performing request to URL: http://rubis.php.test.org:8280/html/PHP/ViewUserInfo.php?userId=212 (HTTP status code: 503) (class java.io.IOException): 2
[SCOREBOARD TRACK: rubis-001] Problems in performing request to URL: http://rubis.php.test.org:8280/html/PHP/ViewUserInfo.php?userId=213 (HTTP status code: 503) (class java.io.IOException): 2
[SCOREBOARD TRACK: rubis-001] Problems in performing request to URL: http://rubis.php.test.org:8280/html/PHP/ViewUserInfo.php?userId=217 (HTTP status code: 503) (class java.io.IOException): 1
[SCOREBOARD TRACK: rubis-001] Problems in performing request to URL: http://rubis.php.test.org:8280/html/PHP/ViewUserInfo.php?userId=219 (HTTP status code: 503) (class java.io.IOException): 1
[SCOREBOARD TRACK: rubis-001] Problems in performing request to URL: http://rubis.php.test.org:8280/html/PHP/ViewUserInfo.php?userId=22 (HTTP status code: 503) (class java.io.IOException): 2
[SCOREBOARD TRACK: rubis-001] Problems in performing request to URL: http://rubis.php.test.org:8280/html/PHP/ViewUserInfo.php?userId=220 (HTTP status code: 503) (class java.io.IOException): 1
[SCOREBOARD TRACK: rubis-001] Problems in performing request to URL: http://rubis.php.test.org:8280/html/PHP/ViewUserInfo.php?userId=222 (HTTP status code: 503) (class java.io.IOException): 1
[SCOREBOARD TRACK: rubis-001] Problems in performing request to URL: http://rubis.php.test.org:8280/html/PHP/ViewUserInfo.php?userId=224 (HTTP status code: 503) (class java.io.IOException): 1
[SCOREBOARD TRACK: rubis-001] Problems in performing request to URL: http://rubis.php.test.org:8280/html/PHP/ViewUserInfo.php?userId=235 (HTTP status code: 503) (class java.io.IOException): 1
[SCOREBOARD TRACK: rubis-001] Problems in performing request to URL: http://rubis.php.test.org:8280/html/PHP/ViewUserInfo.php?userId=243 (HTTP status code: 503) (class java.io.IOException): 1
[SCOREBOARD TRACK: rubis-001] Problems in performing request to URL: http://rubis.php.test.org:8280/html/PHP/ViewUserInfo.php?userId=25 (HTTP status code: 503) (class java.io.IOException): 1
[SCOREBOARD TRACK: rubis-001] Problems in performing request to URL: http://rubis.php.test.org:8280/html/PHP/ViewUserInfo.php?userId=250 (HTTP status code: 503) (class java.io.IOException): 2
[SCOREBOARD TRACK: rubis-001] Problems in performing request to URL: http://rubis.php.test.org:8280/html/PHP/ViewUserInfo.php?userId=252 (HTTP status code: 503) (class java.io.IOException): 1
[SCOREBOARD TRACK: rubis-001] Problems in performing request to URL: http://rubis.php.test.org:8280/html/PHP/ViewUserInfo.php?userId=253 (HTTP status code: 503) (class java.io.IOException): 30
[SCOREBOARD TRACK: rubis-001] Problems in performing request to URL: http://rubis.php.test.org:8280/html/PHP/ViewUserInfo.php?userId=258 (HTTP status code: 503) (class java.io.IOException): 1
[SCOREBOARD TRACK: rubis-001] Problems in performing request to URL: http://rubis.php.test.org:8280/html/PHP/ViewUserInfo.php?userId=261 (HTTP status code: 503) (class java.io.IOException): 1
[SCOREBOARD TRACK: rubis-001] Problems in performing request to URL: http://rubis.php.test.org:8280/html/PHP/ViewUserInfo.php?userId=263 (HTTP status code: 503) (class java.io.IOException): 1
[SCOREBOARD TRACK: rubis-001] Problems in performing request to URL: http://rubis.php.test.org:8280/html/PHP/ViewUserInfo.php?userId=264 (HTTP status code: 503) (class java.io.IOException): 1
[SCOREBOARD TRACK: rubis-001] Problems in performing request to URL: http://rubis.php.test.org:8280/html/PHP/ViewUserInfo.php?userId=265 (HTTP status code: 503) (class java.io.IOException): 1
[SCOREBOARD TRACK: rubis-001] Problems in performing request to URL: http://rubis.php.test.org:8280/html/PHP/ViewUserInfo.php?userId=268 (HTTP status code: 503) (class java.io.IOException): 1
[SCOREBOARD TRACK: rubis-001] Problems in performing request to URL: http://rubis.php.test.org:8280/html/PHP/ViewUserInfo.php?userId=269 (HTTP status code: 503) (class java.io.IOException): 1
[SCOREBOARD TRACK: rubis-001] Problems in performing request to URL: http://rubis.php.test.org:8280/html/PHP/ViewUserInfo.php?userId=27 (HTTP status code: 503) (class java.io.IOException): 1
[SCOREBOARD TRACK: rubis-001] Problems in performing request to URL: http://rubis.php.test.org:8280/html/PHP/ViewUserInfo.php?userId=273 (HTTP status code: 503) (class java.io.IOException): 1
[SCOREBOARD TRACK: rubis-001] Problems in performing request to URL: http://rubis.php.test.org:8280/html/PHP/ViewUserInfo.php?userId=276 (HTTP status code: 503) (class java.io.IOException): 1
[SCOREBOARD TRACK: rubis-001] Problems in performing request to URL: http://rubis.php.test.org:8280/html/PHP/ViewUserInfo.php?userId=28 (HTTP status code: 503) (class java.io.IOException): 2
[SCOREBOARD TRACK: rubis-001] Problems in performing request to URL: http://rubis.php.test.org:8280/html/PHP/ViewUserInfo.php?userId=284 (HTTP status code: 503) (class java.io.IOException): 1
[SCOREBOARD TRACK: rubis-001] Problems in performing request to URL: http://rubis.php.test.org:8280/html/PHP/ViewUserInfo.php?userId=285 (HTTP status code: 503) (class java.io.IOException): 2
[SCOREBOARD TRACK: rubis-001] Problems in performing request to URL: http://rubis.php.test.org:8280/html/PHP/ViewUserInfo.php?userId=288 (HTTP status code: 503) (class java.io.IOException): 1
[SCOREBOARD TRACK: rubis-001] Problems in performing request to URL: http://rubis.php.test.org:8280/html/PHP/ViewUserInfo.php?userId=290 (HTTP status code: 503) (class java.io.IOException): 1
[SCOREBOARD TRACK: rubis-001] Problems in performing request to URL: http://rubis.php.test.org:8280/html/PHP/ViewUserInfo.php?userId=297 (HTTP status code: 503) (class java.io.IOException): 1
[SCOREBOARD TRACK: rubis-001] Problems in performing request to URL: http://rubis.php.test.org:8280/html/PHP/ViewUserInfo.php?userId=30 (HTTP status code: 503) (class java.io.IOException): 1
[SCOREBOARD TRACK: rubis-001] Problems in performing request to URL: http://rubis.php.test.org:8280/html/PHP/ViewUserInfo.php?userId=300 (HTTP status code: 503) (class java.io.IOException): 1
[SCOREBOARD TRACK: rubis-001] Problems in performing request to URL: http://rubis.php.test.org:8280/html/PHP/ViewUserInfo.php?userId=31 (HTTP status code: 503) (class java.io.IOException): 1
[SCOREBOARD TRACK: rubis-001] Problems in performing request to URL: http://rubis.php.test.org:8280/html/PHP/ViewUserInfo.php?userId=39 (HTTP status code: 503) (class java.io.IOException): 1
[SCOREBOARD TRACK: rubis-001] Problems in performing request to URL: http://rubis.php.test.org:8280/html/PHP/ViewUserInfo.php?userId=47 (HTTP status code: 503) (class java.io.IOException): 2
[SCOREBOARD TRACK: rubis-001] Problems in performing request to URL: http://rubis.php.test.org:8280/html/PHP/ViewUserInfo.php?userId=48 (HTTP status code: 503) (class java.io.IOException): 1
[SCOREBOARD TRACK: rubis-001] Problems in performing request to URL: http://rubis.php.test.org:8280/html/PHP/ViewUserInfo.php?userId=50 (HTTP status code: 503) (class java.io.IOException): 1
[SCOREBOARD TRACK: rubis-001] Problems in performing request to URL: http://rubis.php.test.org:8280/html/PHP/ViewUserInfo.php?userId=54 (HTTP status code: 503) (class java.io.IOException): 1
[SCOREBOARD TRACK: rubis-001] Problems in performing request to URL: http://rubis.php.test.org:8280/html/PHP/ViewUserInfo.php?userId=57 (HTTP status code: 503) (class java.io.IOException): 1
[SCOREBOARD TRACK: rubis-001] Problems in performing request to URL: http://rubis.php.test.org:8280/html/PHP/ViewUserInfo.php?userId=59 (HTTP status code: 503) (class java.io.IOException): 1
[SCOREBOARD TRACK: rubis-001] Problems in performing request to URL: http://rubis.php.test.org:8280/html/PHP/ViewUserInfo.php?userId=6 (HTTP status code: 503) (class java.io.IOException): 2
[SCOREBOARD TRACK: rubis-001] Problems in performing request to URL: http://rubis.php.test.org:8280/html/PHP/ViewUserInfo.php?userId=65 (HTTP status code: 503) (class java.io.IOException): 1
[SCOREBOARD TRACK: rubis-001] Problems in performing request to URL: http://rubis.php.test.org:8280/html/PHP/ViewUserInfo.php?userId=68 (HTTP status code: 503) (class java.io.IOException): 1
[SCOREBOARD TRACK: rubis-001] Problems in performing request to URL: http://rubis.php.test.org:8280/html/PHP/ViewUserInfo.php?userId=75 (HTTP status code: 503) (class java.io.IOException): 1
[SCOREBOARD TRACK: rubis-001] Problems in performing request to URL: http://rubis.php.test.org:8280/html/PHP/ViewUserInfo.php?userId=77 (HTTP status code: 503) (class java.io.IOException): 3
[SCOREBOARD TRACK: rubis-001] Problems in performing request to URL: http://rubis.php.test.org:8280/html/PHP/ViewUserInfo.php?userId=78 (HTTP status code: 503) (class java.io.IOException): 1
[SCOREBOARD TRACK: rubis-001] Problems in performing request to URL: http://rubis.php.test.org:8280/html/PHP/ViewUserInfo.php?userId=85 (HTTP status code: 503) (class java.io.IOException): 1
[SCOREBOARD TRACK: rubis-001] Problems in performing request to URL: http://rubis.php.test.org:8280/html/PHP/ViewUserInfo.php?userId=86 (HTTP status code: 503) (class java.io.IOException): 2
[SCOREBOARD TRACK: rubis-001] Problems in performing request to URL: http://rubis.php.test.org:8280/html/PHP/ViewUserInfo.php?userId=99 (HTTP status code: 503) (class java.io.IOException): 1
