66.12
70.49
66.98
68.15
71.98
73.52
74.43
66.14
66.92
69.36
72.00
96.29
99.55
78.10
73.98
73.20
74.38
73.89
73.72
74.42
71.83
70.59
66.52
71.52
65.71
65.38
96.11
97.71
68.29
68.34
71.20
74.40
70.51
69.13
68.34
69.08
73.69
74.06
73.66
75.86
75.13
95.79
99.40
79.10
72.59
69.66
76.11
74.50
73.79
77.24
76.98
76.67
74.83
75.34
72.47
76.50
97.21
99.07
72.97
68.88
76.06
77.68
74.38
75.27
74.63
74.49
76.88
75.67
72.73
67.18
70.89
97.55
99.67
80.97
74.92
73.65
76.92
77.79
73.40
69.82
67.72
73.99
74.19
74.75
68.18
70.71
93.89
99.60
79.14
73.31
72.02
68.39
74.26
76.40
80.86
81.32
81.24
81.02
80.77
82.39
82.03
99.63
99.82
97.06
97.44
98.69
98.35
98.25
98.33
98.26
98.30
98.48
98.46
98.45
98.34
98.99
99.79
98.52
98.28
98.45
98.31
98.65
98.40
98.45
98.50
98.35
98.28
97.99
97.73
98.12
97.76
98.55
98.64
98.17
97.91
98.04
98.27
98.05
91.78
91.11
70.80
61.88
61.04
59.85
59.70
60.43
89.14
60.73
59.32
59.58
59.99
61.43
59.97
61.66
63.21
62.71
59.69
60.14
60.47
59.96
60.07
93.68
61.95
65.61
61.96
59.96
60.70
59.58
60.62
59.63
59.95
62.04
59.77
60.65
59.81
59.91
89.05
59.31
61.30
59.74
59.56
60.97
60.02
60.76
60.11
59.51
59.89
60.29
60.64
59.50
59.98
94.01
61.17
59.64
60.55
59.55
59.70
59.70
58.89
60.16
73.81
73.95
73.02
72.92
73.72
72.90
93.23
72.72
73.08
73.60
73.02
73.66
73.13
64.55
60.40
59.99
59.65
59.70
59.92
60.77
59.92
93.55
59.58
60.05
64.48
59.79
60.62
61.44
62.02
61.91
60.24
61.13
59.82
59.40
60.46
59.42
89.52
59.15
59.66
59.64
60.67
60.79
59.67
63.56
63.53
62.54
66.32
65.26
59.50
60.02
60.79
94.47
97.31
97.86
98.20
98.71
99.68
99.07
97.20
63.50
60.35
60.89
59.53
59.49
66.01
62.13
91.40
64.02
59.77
59.98
61.15
60.50
59.46
59.69
60.05
59.43
60.27
59.75
59.60
59.72
59.70
93.09
59.45
59.55
59.81
59.80
60.42
59.49
60.12
59.64
59.67
62.88
59.55
59.58
59.68
59.51
88.78
59.49
59.28
59.88
60.21
61.15
59.63
59.37
59.49
59.38
60.50
59.65
59.29
59.46
59.61
93.60
61.79
59.21
60.06
60.13
59.77
60.38
59.73
59.22
59.69
61.90
60.57
59.65
59.25
59.56
89.01
60.24
59.59
59.66
60.01
61.49
60.11
59.52
59.51
59.40
59.61
60.35
59.59
59.71
59.57
93.71
58.27
59.30
59.56
59.73
59.51
60.30
59.40
59.68
59.68
59.98
59.26
60.54
59.45
60.17
90.11
59.21
62.17
61.25
60.73
63.24
60.87
62.55
59.24
58.94
59.14
59.07
59.77
58.82
59.18
93.92
63.01
59.83
63.22
59.68
59.89
63.48
61.17
59.17
59.27
60.09
58.84
60.18
59.14
59.31
88.63
59.44
60.34
59.15
58.72
61.63
58.57
60.12
59.29
59.74
59.95
59.84
59.46
60.32
59.62
93.19
59.53
59.80
60.27
59.55
59.13
59.38
59.40
60.06
59.76
58.93
59.27
59.09
60.32
59.34
88.03
59.37
59.36
60.35
59.63
60.64
59.84
60.33
60.56
59.70
61.00
62.03
60.51
76.26
65.76
94.01
64.14
60.35
62.09
60.29
60.33
59.03
59.54
59.64
61.58
57.90
59.37
59.49
59.37
72.43
92.51
72.13
70.54
62.03
60.12
61.22
59.49
59.27
59.24
59.85
63.02
62.50
62.10
59.66
60.32
92.74
59.63
59.49
59.94
59.98
59.05
59.46
58.99
59.35
60.43
61.29
59.19
59.52
59.63
59.64
89.45
58.72
59.68
59.57
59.37
62.44
59.40
59.48
59.38
59.46
60.03
59.10
59.43
59.42
59.05
93.44
60.32
59.23
59.28
59.48
59.86
59.23
59.26
59.52
59.05
63.87
59.09
59.33
59.26
59.13
89.33
59.28
59.50
59.46
59.61
61.49
59.67
59.52
59.47
59.72
60.10
59.20
62.28
63.07
60.68
93.63
60.79
59.27
59.63
59.43
59.33
63.40
63.89
65.04
62.85
63.04
60.00
59.68
59.78
59.54
88.29
59.88
59.24
59.18
59.44
62.31
59.94
59.64
59.68
59.49
59.00
59.98
59.41
59.44
59.48
93.14
69.52
59.35
59.33
59.56
59.45
60.29
59.37
59.65
59.59
60.55
59.40
60.19
59.38
59.16
87.39
59.20
60.48
59.11
59.01
60.60
59.80
60.24
59.24
59.98
62.75
63.46
60.07
59.46
59.43
93.13
81.06
82.12
81.67
81.62
81.51
81.97
82.12
81.59
81.82
81.99
81.86
75.28
59.50
59.63
88.56
59.04
60.13
59.28
58.99
60.73
59.73
59.49
60.17
59.86
59.59
59.54
59.47
60.63
59.64
93.83
72.88
59.58
60.57
59.03
59.17
59.60
59.18
60.21
60.57
64.86
64.91
62.75
65.70
62.69
88.87
59.32
59.85
59.98
59.12
61.09
59.33
59.63
60.09
59.82
59.49
59.40
59.32
59.16
60.17
92.44
60.11
59.51
66.31
60.51
59.34
59.19
60.75
65.53
66.70
60.87
59.26
59.28
59.38
60.35
87.74
58.69
60.07
59.28
62.67
66.41
59.17
59.31
59.68
63.43
61.26
60.61
59.39
59.21
62.00
93.83
64.25
61.10
61.73
62.16
64.54
63.01
62.71
63.98
62.56
60.50
59.19
59.54
59.37
59.04
88.21
59.96
59.95
61.09
59.47
61.86
59.20
59.23
59.61
60.40
60.69
59.37
59.15
59.53
59.33
92.84
59.49
59.28
59.50
59.54
60.43
59.10
59.41
59.65
59.36
61.49
59.28
59.21
59.98
59.13
87.16
59.08
59.16
59.20
59.57
62.29
59.34
59.07
59.15
58.96
59.02
60.24
59.04
59.03
59.27
93.15
60.88
59.41
59.36
58.83
59.07
63.88
65.43
63.95
59.31
60.37
60.00
59.18
58.86
59.26
89.42
59.98
62.32
59.47
59.14
60.70
60.17
59.24
59.46
60.41
59.36
60.24
59.34
60.91
59.55
92.82
62.05
59.79
63.87
60.86
61.33
60.65
61.01
59.38
59.97
62.50
60.17
59.98
59.36
59.33
89.59
59.66
60.47
59.54
60.06
61.82
63.55
63.97
62.62
60.00
59.33
59.38
60.25
61.14
63.39
93.82
60.51
62.47
59.90
60.54
60.17
61.06
60.34
63.13
59.35
60.42
59.56
60.41
59.93
59.08
88.72
59.73
61.41
61.67
62.54
64.65
64.15
64.71
61.15
61.32
60.86
59.68
59.82
61.19
61.13
93.77
61.94
63.51
62.58
62.60
61.50
63.60
59.56
60.43
60.81
61.98
59.72
60.35
62.22
63.89
89.49
61.22
63.60
62.46
62.00
62.36
63.85
60.94
60.62
60.97
60.96
59.74
58.92
59.14
60.33
93.73
68.21
59.23
59.64
60.87
60.52
62.42
61.15
60.89
61.24
62.21
60.29
59.40
59.40
60.10
90.14
59.48
59.29
60.23
60.91
63.03
67.36
72.76
61.50
60.09
66.60
63.00
59.82
62.35
67.65
93.98
72.92
65.35
64.76
66.90
63.98
65.93
67.10
66.15
68.63
69.13
65.24
65.04
64.38
66.81
91.72
81.38
63.42
65.01
66.28
64.92
61.36
59.51
63.68
66.72
64.02
67.06
62.23
68.69
67.64
95.24
63.13
61.04
62.73
62.77
61.41
60.60
60.70
62.44
63.64
62.64
61.14
59.20
58.91
63.14
89.51
61.19
61.00
62.17
64.81
62.84
60.45
62.86
62.72
61.30
65.46
63.20
63.97
60.73
60.08
94.46
67.04
62.55
61.26
60.09
63.60
60.64
62.01
60.12
62.38
65.04
61.66
62.79
63.05
63.10
90.19
65.39
60.76
62.09
64.33
65.42
62.46
59.97
62.59
59.57
59.31
59.87
59.26
59.29
59.45
94.10
60.43
60.19
59.14
59.29
59.08
59.15
60.15
58.83
59.63
60.94
58.95
60.07
59.32
59.61
89.02
59.30
60.20
59.28
59.16
62.88
59.28
60.33
59.28
59.18
59.08
59.26
60.48
59.17
59.64
93.36
60.14
65.33
65.50
66.52
66.01
63.43
59.62
61.34
60.62
60.99
59.13
59.39
60.59
59.55
89.61
59.86
61.53
61.58
59.80
62.06
59.92
64.17
60.38
60.10
60.44
59.90
60.16
61.38
61.81
94.08
61.45
61.30
61.45
60.72
60.13
60.95
60.36
62.57
59.99
62.69
62.84
59.37
59.60
64.12
89.30
63.50
63.90
59.32
60.36
61.21
61.87
62.82
61.00
64.71
59.01
59.68
63.31
63.21
62.75
93.61
60.04
59.84
59.18
60.43
59.63
61.91
61.24
59.68
59.76
60.90
59.95
59.57
60.08
60.12
88.47
60.08
59.08
60.16
60.57
61.02
60.76
59.41
60.34
59.99
59.28
59.56
59.36
61.81
59.67
93.97
62.03
59.46
59.57
60.30
60.35
59.29
60.50
61.29
59.40
62.01
60.97
59.37
58.89
59.52
89.50
59.04
59.70
59.39
59.09
61.81
60.46
59.40
60.11
59.29
61.66
60.80
59.20
59.39
59.88
93.94
58.88
60.72
59.96
60.36
59.90
60.19
59.59
59.60
61.59
62.66
61.02
59.35
60.53
60.47
88.99
62.24
61.48
62.03
60.42
62.00
65.14
60.87
59.67
59.98
63.32
62.06
63.36
62.28
62.94
94.92
60.52
62.01
60.94
64.24
59.61
61.82
65.93
59.25
63.97
65.82
60.11
59.05
59.93
62.75
89.42
60.29
61.47
62.00
61.27
62.83
59.52
60.38
64.38
59.31
64.67
60.28
62.38
63.47
63.16
95.10
71.86
60.10
59.33
62.01
59.13
60.49
64.07
63.83
62.33
61.29
59.23
59.92
60.93
64.66
89.65
62.08
61.92
62.94
62.91
65.18
64.54
64.13
61.26
64.52
63.16
61.23
60.35
61.35
60.91
94.01
65.66
60.44
62.65
61.77
59.87
60.38
59.29
61.70
64.70
61.61
59.55
59.31
60.24
59.19
89.10
59.44
59.30
59.80
59.09
60.73
59.34
60.84
61.76
63.44
59.34
59.43
59.14
60.21
59.59
93.93
59.39
59.15
59.86
59.10
59.25
58.99
58.78
59.92
59.14
60.71
59.18
60.86
60.14
64.66
89.45
60.01
59.24
59.44
60.08
60.69
59.19
59.42
59.34
60.37
59.23
59.15
59.16
59.42
59.95
94.08
60.40
59.27
59.24
60.06
59.17
58.94
59.12
59.13
60.21
60.74
59.14
59.18
59.03
60.02
89.63
59.48
59.37
59.05
61.61
62.61
59.21
59.49
60.23
59.01
59.99
59.20
59.37
59.43
59.40
93.50
61.21
59.21
59.30
59.34
60.14
59.17
61.41
59.63
59.63
62.46
62.17
62.48
59.51
59.16
90.21
59.07
59.36
59.22
59.09
62.24
60.23
59.19
60.00
58.74
60.04
59.04
59.15
59.18
59.37
93.45
90.42
81.12
81.18
81.02
66.89
60.32
59.66
59.77
59.95
61.03
61.12
59.93
59.54
59.89
90.22
60.37
59.72
60.65
60.20
60.97
60.61
59.91
59.97
59.86
60.00
60.95
59.80
59.62
59.92
93.76
60.73
59.99
59.48
59.99
59.64
60.14
59.64
59.83
60.02
61.01
59.62
63.34
61.21
60.20
89.97
60.02
61.09
60.14
60.34
61.16
60.46
60.45
59.76
59.91
60.30
63.72
68.27
59.74
59.69
94.35
71.83
80.58
76.83
87.17
77.11
76.19
74.65
80.72
72.67
81.90
78.79
87.88
80.78
82.78
97.87
99.71
96.24
82.21
81.76
84.85
83.86
83.71
91.44
81.67
83.82
81.46
82.21
83.69
83.34
97.49
96.92
81.08
79.43
82.24
81.64
81.97
81.28
83.22
83.08
88.03
83.72
83.67
84.23
82.27
98.08
96.87
79.05
79.07
79.73
84.69
81.69
80.02
80.17
79.14
79.97
82.47
82.29
82.99
82.91
98.52
99.82
85.17
84.47
83.07
82.94
80.75
80.77
81.86
80.88
85.68
81.94
81.11
81.06
83.64
98.21
99.30
82.61
81.82
82.82
86.63
83.20
83.95
83.04
82.71
82.46
82.59
82.22
84.60
83.67
98.69
99.39
88.20
82.43
84.29
83.66
83.95
83.57
83.36
82.54
87.67
81.23
80.79
80.40
81.53
98.08
99.44
92.68
97.59
97.44
98.42
97.40
98.00
97.80
98.10
98.03
97.28
98.01
98.33
97.78
99.88
99.42
98.49
97.66
97.29
97.19
97.53
97.52
97.97
96.86
97.39
97.19
96.65
96.01
97.37
99.74
98.86
96.56
96.59
97.07
94.40
79.84
81.57
86.31
83.04
81.59
68.13
91.00
90.71
90.82
99.16
98.79
90.03
91.19
89.19
90.90
90.82
90.41
91.26
92.55
91.35
90.78
91.13
90.63
90.85
96.45
91.33
90.87
65.37
59.39
60.39
59.84
59.04
59.17
59.39
59.32
60.00
59.30
59.65
59.36
93.84
60.00
59.21
59.16
60.30
59.35
60.31
62.77
59.37
59.44
60.77
61.72
60.23
59.60
59.26
88.10
59.11
59.85
58.96
59.37
60.68
59.22
60.05
59.23
59.34
59.55
59.70
61.97
59.27
59.18
93.22
58.73
59.81
59.34
59.27
59.33
59.27
60.05
59.53
59.20
60.61
59.18
60.11
58.97
59.26
87.28
59.37
60.75
62.99
59.67
60.70
59.90
60.20
59.54
60.11
59.34
59.23
59.35
60.07
58.87
94.00
59.47
68.07
72.86
72.91
72.77
72.50
73.01
72.97
72.68
73.79
72.73
72.71
73.54
70.36
88.60
59.36
59.50
60.03
59.55
59.73
58.77
59.30
59.69
59.03
58.98
59.38
59.54
60.29
59.40
93.55
58.51
59.31
59.71
59.38
59.30
59.28
60.08
59.94
60.15
60.67
60.81
62.80
62.38
59.59
87.44
59.26
59.10
59.12
60.10
60.29
59.55
59.42
59.39
60.31
59.36
59.44
59.52
59.38
60.02
94.56
97.31
97.92
98.29
99.23
99.89
99.49
97.42
92.43
62.77
60.17
59.19
59.23
59.42
59.36
89.27
59.50
59.19
58.87
59.00
61.72
59.13
59.27
59.33
59.19
59.91
59.22
59.02
59.03
59.33
93.39
58.39
59.18
59.28
59.30
60.25
59.23
59.19
58.81
59.40
62.43
58.99
59.29
59.38
59.29
89.48
59.48
59.37
59.84
59.27
61.17
61.47
60.45
59.20
59.12
59.81
59.59
59.28
59.20
59.37
93.96
60.93
59.70
59.51
59.55
59.47
60.13
59.26
59.17
59.13
61.54
59.90
59.23
59.41
59.46
89.14
59.66
59.23
59.52
58.89
61.48
60.14
59.10
59.76
59.37
59.48
60.28
64.86
59.39
58.90
93.14
60.43
59.37
59.66
60.47
60.86
60.13
59.09
59.13
59.51
60.10
58.91
60.25
59.47
59.48
89.10
59.12
59.96
59.35
59.45
60.83
59.28
60.24
61.04
59.44
59.36
59.45
62.13
59.35
59.50
93.50
62.48
59.96
59.25
59.23
59.42
59.07
60.03
59.36
59.39
59.65
59.33
60.04
59.54
59.56
89.90
59.09
60.01
59.34
59.38
59.68
59.34
60.09
60.15
59.72
63.65
58.98
59.33
60.13
59.24
93.24
58.97
59.33
60.18
59.03
59.93
59.13
59.15
66.57
59.60
59.70
61.84
59.20
60.54
59.19
88.05
58.91
58.84
60.59
58.94
58.35
58.99
59.05
59.92
58.98
59.17
59.40
61.12
63.41
62.05
93.93
64.50
64.05
61.81
60.97
63.42
59.72
60.23
59.29
60.30
58.56
59.52
59.38
59.21
60.19
88.70
59.73
59.98
59.71
59.96
60.06
59.21
59.58
59.29
60.29
59.41
59.34
59.27
59.04
60.22
92.73
59.69
59.04
59.38
59.89
59.35
59.13
59.57
59.33
60.42
62.52
62.73
59.83
59.13
59.28
89.54
59.45
59.58
59.32
59.34
62.54
59.33
59.49
59.28
59.30
61.36
61.34
59.59
59.15
59.44
93.38
60.97
59.11
59.37
59.44
60.66
59.40
59.39
59.23
59.11
61.37
59.35
59.03
59.52
59.48
88.08
58.86
59.74
59.20
59.47
62.20
59.22
59.21
59.55
58.96
59.24
59.96
59.45
59.08
59.31
93.18
59.59
59.43
59.35
59.71
59.65
60.17
59.67
61.31
62.08
60.86
61.54
59.55
60.48
60.92
88.65
60.07
61.07
59.72
59.48
61.37
63.55
60.34
59.00
59.61
59.02
60.12
59.01
59.54
59.07
93.66
66.80
60.33
59.34
59.16
59.74
59.46
60.15
59.54
59.38
60.90
59.45
60.34
59.58
59.45
88.81
59.10
60.37
59.39
59.36
61.17
59.27
61.08
62.80
65.50
62.28
59.68
60.12
59.30
59.53
92.35
82.00
81.74
81.30
81.41
81.44
81.42
81.97
81.86
81.83
82.00
81.67
75.60
59.73
62.64
87.52
62.04
63.68
60.33
59.53
60.77
59.55
59.56
60.22
59.37
59.42
59.46
59.72
63.42
59.94
93.73
71.33
59.38
60.02
58.83
58.91
59.12
59.36
60.29
59.36
60.28
59.16
59.15
60.05
59.09
87.64
61.65
60.31
60.37
59.42
60.65
62.15
62.82
59.62
60.35
59.59
59.60
59.37
59.49
60.28
93.77
59.21
59.04
59.47
59.85
59.30
59.26
59.02
59.39
59.93
62.29
58.82
59.28
58.92
62.59
88.98
59.38
59.63
59.53
60.20
65.09
59.78
60.22
63.52
62.14
59.44
59.59
59.37
59.17
60.24
93.42
61.93
59.23
59.06
59.14
59.83
59.41
59.79
59.11
59.57
61.97
59.18
59.18
59.02
59.02
89.34
59.53
59.63
59.34
59.23
62.28
59.10
59.11
59.29
59.35
60.49
59.58
59.28
59.24
59.79
93.63
58.54
59.09
59.19
59.25
59.98
59.55
59.31
59.08
59.27
62.51
58.84
58.96
59.36
58.91
87.77
58.60
59.03
58.88
65.51
61.48
60.42
59.73
59.73
59.69
59.80
60.53
59.31
64.41
59.55
93.78
60.59
59.09
58.98
59.42
59.45
59.86
59.40
59.46
59.47
60.88
60.01
59.11
59.08
59.57
88.15
59.72
59.33
59.05
59.28
60.57
59.99
59.12
59.18
58.87
59.02
59.94
59.24
58.95
59.27
93.39
58.57
59.94
58.94
59.25
59.47
59.57
60.06
59.25
59.51
60.76
59.38
60.20
62.29
59.63
88.62
59.15
59.81
58.85
58.93
61.45
59.08
59.87
59.12
59.07
59.19
59.24
59.53
58.95
59.13
94.19
59.65
59.99
59.11
59.46
59.26
62.25
62.28
60.24
59.27
61.08
59.22
59.36
60.05
58.95
89.53
58.82
59.41
60.39
59.74
60.42
59.33
59.09
59.84
58.88
59.20
59.26
59.36
60.07
59.16
93.53
61.89
61.95
61.90
61.71
64.63
59.26
59.58
60.23
59.13
60.86
59.37
59.14
60.23
59.17
88.84
59.03
59.19
59.64
60.25
60.75
59.33
59.28
59.22
59.76
59.26
59.22
59.59
59.09
61.01
93.68
64.18
58.92
59.22
60.33
59.40
59.26
59.34
59.30
60.16
61.11
59.20
59.34
59.15
59.84
89.00
59.49
59.33
59.14
60.14
60.78
59.16
59.06
59.03
60.10
59.19
59.39
59.45
59.48
60.14
93.66
58.95
59.13
59.14
59.15
59.77
58.82
58.99
59.24
59.93
65.50
63.75
64.66
59.77
59.68
90.02
59.29
59.33
59.01
60.35
63.05
59.02
59.15
59.67
61.47
64.49
65.54
64.54
60.27
59.36
93.81
63.44
59.19
59.06
59.52
60.06
59.30
59.58
59.39
59.46
61.89
59.27
59.41
59.54
59.64
89.13
60.16
59.16
59.18
59.39
60.95
60.94
59.39
59.26
59.18
59.80
60.46
59.47
59.35
59.35
93.37
59.21
59.20
59.20
59.30
59.34
60.06
59.44
59.50
59.70
60.81
60.49
59.68
59.45
59.57
89.95
60.18
59.22
59.05
59.14
60.75
59.23
59.66
59.48
59.34
59.48
59.36
59.85
59.19
58.96
93.57
60.60
59.59
59.18
59.70
59.30
59.44
59.79
59.70
59.47
61.40
59.28
60.01
59.23
59.28
89.34
59.37
60.30
59.22
59.29
60.38
60.53
61.94
59.22
59.36
59.09
59.27
60.35
59.06
58.90
93.81
58.78
60.29
59.28
62.58
60.69
59.14
58.80
60.01
59.98
60.74
59.21
59.32
60.19
59.46
88.39
59.21
59.22
59.83
59.60
60.57
59.63
60.00
59.97
59.17
59.30
59.20
59.11
59.91
59.32
94.23
59.21
58.96
61.20
59.07
59.21
59.05
58.94
59.91
60.46
59.92
59.54
59.44
60.18
59.29
88.13
59.36
59.51
59.75
60.08
60.75
59.27
59.08
59.16
59.66
59.44
59.04
59.40
59.44
60.18
93.61
58.94
59.24
61.69
60.13
59.29
59.05
59.20
59.30
59.92
60.23
59.66
59.34
59.30
60.18
89.22
59.08
59.30
60.68
61.34
64.24
59.09
59.08
59.75
66.03
60.97
60.47
59.47
63.81
62.46
93.68
60.50
59.22
59.15
59.23
59.94
59.17
59.20
58.98
59.62
61.60
59.13
59.04
59.47
59.15
89.64
59.15
59.51
58.93
59.36
61.86
59.49
59.10
59.35
59.22
59.88
58.94
59.34
59.17
59.56
93.11
59.09
58.89
59.29
59.04
59.13
59.84
59.47
67.82
65.83
61.88
61.55
61.64
60.52
60.20
89.57
61.90
61.60
59.85
59.31
60.61
59.91
59.22
59.22
61.25
65.99
60.40
59.58
59.17
59.37
94.06
60.61
59.14
61.26
62.17
62.54
62.42
61.75
59.36
62.10
66.05
60.73
66.56
66.06
60.46
89.27
59.25
60.44
59.75
59.31
60.64
59.01
59.64
59.10
61.87
63.57
63.18
62.72
60.45
61.91
95.17
77.29
64.40
62.84
63.68
64.53
60.33
60.95
63.13
60.36
60.67
61.22
61.95
62.38
63.06
90.78
59.59
60.68
59.88
59.24
61.60
66.60
65.05
59.24
59.10
59.19
59.02
60.69
59.90
58.99
93.78
61.58
59.47
62.38
61.87
64.26
60.96
59.54
62.54
60.00
63.55
59.57
59.31
59.83
59.72
89.46
60.33
61.71
61.93
62.69
66.30
63.79
66.64
60.18
59.96
63.70
61.41
60.21
61.70
61.67
93.80
66.39
61.75
60.08
59.34
60.29
59.60
59.50
59.91
60.31
61.79
59.79
62.01
61.42
61.00
92.68
62.46
59.86
63.00
68.01
68.08
62.84
61.31
64.19
62.62
63.98
64.39
68.76
65.25
66.15
94.06
70.52
59.06
64.32
68.25
67.37
59.44
60.47
63.67
64.09
65.63
64.86
59.99
60.09
59.92
88.35
58.97
63.57
62.69
70.43
64.89
58.98
60.06
59.95
59.53
60.88
62.08
60.87
61.01
61.94
93.65
62.44
62.49
63.76
59.19
60.88
63.12
60.39
59.69
59.51
62.19
60.76
59.80
61.04
63.06
89.38
61.54
61.99
60.83
59.85
61.32
59.46
59.49
61.15
67.13
75.87
75.20
64.63
66.31
70.32
94.80
93.91
88.62
86.15
82.84
76.97
65.80
67.44
69.70
64.67
64.57
71.32
62.71
68.96
61.64
91.45
61.61
61.08
60.15
61.87
61.25
61.22
64.71
62.85
61.90
59.75
60.92
60.51
60.65
61.28
94.10
64.49
64.99
61.89
69.43
63.24
67.68
68.71
64.75
67.68
67.59
69.47
71.34
64.65
63.79
92.27
67.47
67.28
63.96
62.68
67.16
60.56
60.87
60.73
61.03
60.21
60.98
62.60
60.46
60.16
93.76
67.51
64.42
65.89
80.77
68.96
65.02
59.98
77.67
64.84
67.93
74.66
85.07
79.87
73.32
97.08
99.35
90.53
79.51
78.51
78.28
71.13
74.58
91.94
82.34
78.35
80.28
77.25
79.73
83.05
98.17
99.50
84.58
80.16
88.15
88.63
85.03
85.62
77.11
75.93
