0.50
2.16
0.35
2.80
1.38
1.53
0.76
14.83
0.87
1.19
2.76
2.51
1.96
2.21
1.66
1.25
2.60
2.69
0.86
1.47
0.53
5.80
11.93
1.24
0.43
1.25
1.37
2.77
1.36
1.66
0.94
1.43
0.42
1.82
0.50
1.30
1.12
13.19
0.29
1.17
0.32
2.36
0.59
1.62
0.53
1.18
0.54
2.93
0.38
1.57
0.83
1.39
10.44
1.18
0.55
2.46
0.58
3.19
0.93
2.62
2.31
1.71
0.39
2.23
1.82
2.46
3.02
13.64
0.68
1.52
0.93
1.95
0.50
2.13
0.44
1.17
0.64
3.82
1.40
2.01
2.08
4.34
13.26
3.58
0.58
1.49
0.57
3.59
0.99
3.15
0.99
1.54
2.11
1.49
2.00
1.97
1.28
14.05
0.48
2.21
0.36
1.18
0.68
1.29
1.73
1.66
0.44
3.00
0.40
1.22
0.41
1.29
11.31
3.23
2.43
2.48
2.07
5.41
2.42
1.51
2.64
1.59
3.61
3.93
3.00
3.24
1.04
14.78
0.98
1.31
0.46
1.29
2.66
2.29
0.70
1.30
0.53
2.99
0.73
1.22
0.53
1.38
10.59
2.21
0.44
1.27
0.26
3.09
1.41
3.28
0.59
1.46
0.73
1.31
0.86
1.49
0.41
14.28
0.51
1.22
0.39
1.24
0.69
1.47
0.43
1.28
1.10
3.27
1.77
1.49
0.77
1.48
10.43
1.30
1.85
1.22
0.34
2.99
0.82
1.24
2.07
2.93
0.74
1.38
0.37
1.34
1.27
13.71
0.35
1.52
0.63
1.59
1.46
1.40
0.49
2.01
0.81
3.87
0.42
1.26
1.27
1.66
10.33
2.41
0.58
1.84
2.43
4.53
1.22
1.52
0.37
1.25
2.66
1.75
0.40
2.00
1.99
15.79
2.20
1.51
0.36
2.04
0.97
1.37
1.26
1.52
0.62
3.00
0.37
1.38
0.51
1.30
10.35
1.20
0.49
1.67
0.34
2.97
0.49
2.96
0.42
3.11
0.45
1.30
0.68
4.26
0.48
14.09
0.41
2.71
3.09
6.42
1.49
2.35
1.42
2.34
0.43
3.08
0.37
1.63
1.18
2.15
11.68
2.05
0.38
1.50
0.76
3.10
0.77
2.16
0.41
1.30
1.88
1.27
3.34
1.65
1.28
16.13
3.50
2.33
1.72
1.92
0.47
1.69
0.34
1.31
0.37
2.76
0.85
1.23
1.68
2.76
10.92
3.14
3.02
4.68
1.70
6.08
1.90
3.10
3.56
2.14
2.19
2.24
1.43
1.73
1.62
15.91
1.06
4.25
0.79
1.64
0.93
2.60
1.67
1.85
1.58
4.32
1.04
1.22
0.46
1.22
10.37
1.19
0.84
2.45
0.32
2.83
0.44
1.19
0.96
3.10
1.25
1.24
0.76
2.53
1.01
14.64
0.29
1.18
0.39
1.13
0.42
1.25
0.28
1.17
0.31
4.01
1.07
1.18
0.49
2.05
10.71
1.27
0.32
1.17
0.60
2.81
0.41
1.14
0.84
1.18
1.52
1.28
1.91
2.22
1.41
14.10
0.23
2.33
1.44
1.23
0.91
1.18
0.22
1.89
0.39
5.53
0.25
1.09
0.81
2.18
11.36
3.41
1.26
1.48
0.50
3.03
0.56
1.74
1.53
1.11
0.34
1.57
0.85
1.27
0.30
13.18
0.28
2.12
1.38
1.14
0.42
1.26
0.23
1.12
0.25
3.59
0.81
1.14
0.29
1.11
10.31
1.07
0.31
1.09
1.20
5.43
0.32
1.06
0.24
1.37
1.70
1.13
0.49
2.49
3.22
16.00
1.59
1.74
1.28
1.38
0.90
2.85
0.17
1.11
0.20
2.57
0.27
3.97
0.60
1.04
11.28
1.41
0.60
1.06
0.19
2.60
0.27
1.42
0.18
1.04
0.27
2.04
1.44
1.43
0.80
15.30
0.86
2.88
0.69
1.74
0.85
1.13
0.17
1.07
0.18
2.63
1.46
1.05
0.24
1.19
10.31
1.62
1.28
1.36
0.35
3.25
0.27
1.00
0.19
1.03
1.86
1.05
0.22
1.29
0.22
14.38
0.17
1.03
0.23
1.95
0.83
1.67
0.82
1.07
0.18
2.67
0.19
1.07
0.24
1.67
10.49
1.30
0.51
1.28
0.41
2.73
0.42
1.66
1.10
2.06
1.24
1.91
1.32
1.17
0.23
13.21
0.46
1.04
0.20
1.01
0.29
1.12
1.60
2.05
0.32
3.38
0.79
1.27
1.24
1.44
10.24
1.01
0.18
1.03
0.73
2.68
0.26
1.02
0.37
1.04
0.46
1.30
0.38
1.10
2.41
13.37
0.18
1.04
0.18
1.01
0.85
1.12
0.23
1.08
0.19
2.96
0.19
1.24
6.01
17.48
16.84
1.11
0.60
1.05
0.16
3.69
1.27
1.46
0.42
1.96
0.26
1.05
0.87
1.33
1.09
13.29
0.77
1.87
1.51
1.71
0.30
1.35
0.33
1.70
0.19
2.59
0.20
1.05
0.45
1.10
10.27
1.96
0.19
1.66
0.88
2.67
0.27
1.03
0.40
1.08
0.27
1.03
0.19
1.30
0.48
14.28
0.17
1.03
0.41
1.05
0.29
1.14
1.11
1.28
0.23
2.66
0.19
1.04
0.46
1.08
10.23
1.64
1.51
1.31
0.21
2.78
0.28
1.03
0.41
1.44
0.95
1.72
0.18
1.35
0.89
13.56
0.93
1.37
0.19
1.74
0.98
1.72
0.20
1.04
0.40
2.76
0.22
1.03
0.31
1.25
10.39
1.02
0.21
1.09
0.37
2.62
0.27
1.05
0.33
1.27
0.26
1.04
0.22
1.13
0.40
13.98
0.23
1.07
0.18
1.34
0.32
1.69
0.16
1.38
1.13
2.65
0.81
1.05
0.70
1.22
10.34
1.15
0.23
1.03
0.17
2.97
0.33
1.00
0.58
1.04
1.09
1.11
0.18
1.09
0.18
14.19
0.17
1.40
0.18
1.29
0.30
1.13
0.59
1.03
0.41
2.59
1.08
1.40
0.30
1.25
10.24
1.01
0.23
1.04
0.38
2.73
0.27
1.04
0.28
1.31
0.45
1.04
0.23
1.24
0.18
13.52
0.33
1.11
0.41
1.25
0.35
1.75
1.36
1.44
0.22
2.64
0.19
2.20
0.33
1.04
10.77
2.12
0.34
1.60
1.10
3.64
1.49
1.08
0.19
1.61
0.44
1.05
0.20
1.09
0.22
13.61
0.80
1.57
0.19
1.05
0.28
2.03
0.52
1.04
1.45
3.37
0.33
1.09
0.36
1.08
10.23
1.09
0.18
1.11
0.19
2.60
0.26
1.00
0.18
1.11
1.66
1.43
0.19
1.44
0.82
15.20
0.29
1.05
0.25
1.01
1.67
2.08
0.17
1.03
0.18
2.82
0.26
1.12
0.70
1.47
11.27
3.10
0.79
2.00
0.16
3.00
0.28
1.05
0.18
1.03
0.55
1.14
0.35
1.09
0.18
13.75
0.48
1.08
0.18
1.26
1.63
2.49
1.63
2.10
3.86
5.26
2.20
3.57
2.83
2.32
10.47
1.24
0.76
1.52
0.16
2.66
0.56
1.62
1.56
1.05
1.19
1.74
0.83
1.14
0.19
19.32
9.95
13.91
11.38
12.38
11.26
12.16
12.20
13.99
13.76
20.37
17.16
18.99
18.29
19.55
52.92
40.68
18.27
19.84
20.63
23.38
21.25
20.89
19.12
20.49
19.53
18.85
18.02
19.04
17.74
45.28
25.30
19.10
18.13
11.83
10.32
11.10
10.40
9.45
8.78
13.41
9.91
10.37
12.89
14.27
44.43
22.24
8.91
10.31
9.71
12.32
8.88
11.03
10.78
10.97
9.23
12.62
12.66
12.09
12.81
48.96
12.85
10.52
8.97
10.25
11.57
13.68
9.91
10.57
9.10
7.15
3.65
25.83
26.65
21.90
36.57
8.96
9.79
30.50
20.82
17.14
13.28
1.22
0.21
1.06
0.26
1.06
0.40
1.13
0.19
13.33
0.17
1.03
1.31
1.01
0.29
1.12
0.16
1.03
0.19
2.58
0.19
1.03
0.23
1.04
10.41
1.02
0.18
1.03
0.16
3.63
1.14
1.61
0.19
1.05
0.34
1.04
0.18
1.60
0.44
41.34
4.98
1.29
0.53
1.01
0.29
1.44
0.96
2.18
0.46
3.03
0.37
1.04
0.35
1.44
13.49
1.69
1.13
1.57
0.16
2.92
0.27
1.22
0.19
1.08
0.47
1.06
0.19
1.09
0.19
14.45
0.50
1.57
0.45
1.31
0.51
1.33
0.70
1.05
0.43
2.59
0.19
1.03
0.24
1.03
10.21
1.04
0.19
1.08
0.21
2.89
0.43
1.02
0.33
1.16
8.64
1.55
0.40
1.26
0.19
18.74
0.88
1.90
0.43
1.07
0.29
1.13
0.27
1.03
0.19
2.65
0.19
1.16
0.46
1.03
13.27
1.02
0.19
1.11
0.16
2.63
0.31
1.23
3.43
1.05
0.26
1.04
0.23
1.29
0.20
13.47
0.43
1.10
0.19
1.05
0.29
1.12
0.42
1.03
0.18
2.64
0.21
1.28
0.24
1.07
10.50
1.03
0.41
1.03
0.16
3.01
0.27
1.15
0.41
1.05
0.25
1.04
0.18
1.14
0.49
15.95
0.17
1.27
0.18
1.00
0.29
1.20
0.16
1.03
0.19
2.67
0.19
1.05
0.29
1.04
10.21
1.01
0.25
1.04
0.16
2.64
0.27
1.09
0.37
1.05
0.26
1.04
0.19
1.09
0.18
13.32
0.17
1.12
0.18
1.01
0.29
1.12
0.24
1.23
0.20
2.63
0.19
1.04
0.36
1.04
10.29
1.16
0.19
1.03
0.23
2.68
0.26
2.72
1.24
1.06
0.26
1.03
0.19
1.14
0.79
13.81
0.17
1.66
0.34
1.19
1.52
1.27
0.75
1.19
0.73
2.64
0.78
7.86
9.18
9.35
18.36
3.43
1.63
1.70
0.26
2.72
1.51
1.70
0.80
1.69
1.48
1.04
0.38
1.50
0.18
13.91
0.17
1.04
0.88
2.27
1.62
1.72
0.16
2.15
0.18
3.21
0.20
1.04
0.46
1.04
12.16
2.62
1.09
1.08
0.16
2.67
0.27
1.01
0.18
1.04
0.26
1.05
0.19
1.16
0.19
14.12
0.16
1.04
0.19
1.01
0.29
1.05
0.16
1.05
0.18
2.64
0.20
1.05
0.23
1.03
10.10
1.06
0.18
1.07
0.19
2.67
0.26
1.05
0.18
1.11
0.26
1.05
0.19
1.08
0.25
13.22
0.20
1.03
0.19
1.07
0.29
1.17
0.16
1.03
0.18
2.63
0.20
1.06
0.29
1.03
10.14
1.10
0.20
1.07
0.17
2.69
0.32
1.00
0.18
1.05
0.26
1.10
0.23
1.09
1.45
13.18
0.18
1.09
0.29
1.00
0.29
1.47
0.33
1.04
0.23
2.68
0.20
2.57
0.66
1.03
10.22
1.06
0.20
1.16
0.16
2.69
0.27
1.03
0.18
1.09
0.26
1.05
0.18
1.08
0.23
13.12
0.17
1.10
0.26
1.00
1.06
1.23
0.16
1.04
0.19
3.21
0.19
1.04
0.24
1.40
10.39
1.48
0.27
1.04
0.16
2.73
0.28
1.01
0.18
1.53
0.44
1.05
0.85
1.33
0.19
56.83
0.82
1.27
0.41
1.58
1.09
2.22
0.59
1.97
0.87
2.75
0.31
1.26
0.29
1.38
10.82
1.27
0.48
1.12
0.21
2.77
0.33
1.23
0.24
1.10
0.32
1.11
0.47
1.15
0.25
13.28
0.25
1.10
0.41
1.07
0.35
1.19
0.22
1.10
0.48
2.88
0.33
1.17
0.34
1.34
10.20
1.09
0.25
1.10
0.44
2.93
0.33
3.60
2.53
1.41
0.39
1.22
0.56
2.25
2.42
13.70
0.30
1.17
0.33
1.37
0.57
1.25
0.32
1.25
2.11
2.78
0.33
3.64
2.01
2.63
11.12
1.40
0.81
1.17
0.29
2.80
0.35
1.12
0.26
1.77
0.34
1.14
0.26
1.17
0.26
13.32
0.32
1.11
0.26
1.09
0.37
1.19
0.28
1.86
0.95
2.96
0.28
1.11
0.31
1.11
10.32
1.09
0.37
1.12
1.59
3.13
1.41
2.52
0.52
1.53
0.93
1.74
2.65
1.79
1.64
14.25
0.79
2.02
1.19
1.23
0.52
1.36
0.61
1.19
0.41
2.84
0.42
1.27
0.47
2.89
11.29
1.39
1.93
3.77
0.39
2.95
0.58
1.67
0.41
1.25
0.50
1.26
0.41
1.33
0.41
13.55
0.38
1.26
0.41
1.31
0.52
1.47
1.33
1.58
0.43
4.01
0.43
2.36
0.79
1.82
11.40
1.74
0.47
1.53
0.53
2.83
0.42
1.20
1.04
2.88
0.42
1.24
0.42
1.33
1.57
14.07
0.32
1.19
0.33
1.57
1.18
1.51
0.31
1.18
1.13
3.24
0.36
1.21
0.43
2.03
10.39
1.33
0.48
2.61
0.35
2.80
0.41
1.15
1.18
1.70
1.92
1.88
0.48
1.26
0.33
13.31
1.42
1.79
0.34
2.09
0.96
2.59
2.37
1.28
1.19
3.28
0.41
1.31
0.41
1.19
10.24
1.21
0.47
1.32
0.39
3.24
0.43
1.18
0.34
1.24
1.80
4.08
4.09
4.11
0.34
14.39
2.06
4.51
2.48
3.62
2.71
2.75
0.37
1.21
0.48
2.82
0.32
2.30
0.91
3.14
12.24
3.69
1.00
3.27
1.78
5.71
1.39
2.25
3.81
4.59
3.90
4.02
4.02
4.78
0.65
14.86
2.96
3.14
3.31
1.49
0.46
2.29
0.31
1.22
0.34
2.81
0.29
1.17
0.53
1.31
10.23
1.16
0.34
1.19
0.31
2.80
0.51
1.16
0.35
1.28
0.46
1.23
0.33
1.25
0.35
13.65
0.41
2.16
1.74
1.17
2.25
1.34
0.40
1.19
0.48
2.90
0.77
1.83
0.39
1.20
10.21
1.63
0.48
1.21
1.06
2.88
0.48
1.68
0.90
1.48
1.44
2.11
0.77
1.19
0.63
13.23
0.32
1.19
0.34
1.19
0.44
1.26
0.35
1.19
0.96
2.80
0.34
1.18
0.41
1.20
10.45
1.17
0.33
1.19
0.37
2.85
0.34
1.08
0.26
1.20
0.37
1.41
0.36
1.99
0.89
14.01
0.24
1.11
0.26
1.08
0.37
1.20
0.55
1.13
0.32
2.84
0.67
1.49
0.40
1.19
10.20
1.09
0.34
1.24
0.66
2.88
0.43
1.15
1.15
1.67
0.33
1.12
1.19
1.25
0.26
13.15
0.24
1.52
2.43
2.48
4.01
6.51
2.74
2.10
0.20
2.71
0.28
1.51
0.41
1.41
10.19
2.33
1.51
1.12
0.89
5.18
0.53
1.08
0.24
1.04
0.27
1.04
0.40
1.19
0.19
13.10
0.47
1.05
0.20
1.12
0.48
1.64
0.16
1.29
1.35
3.67
0.55
1.04
0.24
1.63
11.05
1.01
0.19
1.97
0.70
2.91
0.53
1.13
0.60
1.25
0.48
3.05
0.24
1.09
1.37
13.30
0.95
3.07
0.24
1.09
0.50
1.31
1.24
1.12
1.84
2.94
0.62
1.49
0.30
1.51
10.45
1.56
1.97
1.92
0.22
3.51
0.36
1.07
0.75
2.15
0.99
2.04
1.91
1.52
0.69
13.28
0.22
1.13
0.24
1.11
0.43
1.17
0.54
1.78
1.29
3.32
1.47
1.26
1.10
1.59
10.61
1.90
0.84
2.73
0.61
3.03
0.38
1.41
0.24
1.17
1.70
1.50
1.22
1.29
1.69
13.19
0.24
4.87
3.76
2.95
2.03
4.42
0.96
3.25
1.33
2.65
0.78
1.10
0.51
2.24
10.63
1.15
0.29
1.21
1.83
2.74
1.14
2.56
1.46
1.17
0.60
1.54
1.93
1.43
0.25
13.29
1.56
1.79
0.87
1.58
0.35
1.87
1.41
1.12
0.24
2.70
2.59
6.49
1.30
1.08
13.62
4.19
1.43
9.14
3.85
3.32
1.29
7.83
0.69
2.03
0.93
1.23
0.37
1.26
0.89
13.84
2.95
1.23
0.25
1.19
1.33
4.26
0.63
1.09
0.27
3.35
1.78
1.76
0.74
4.00
11.93
1.16
3.12
1.46
2.83
2.90
1.60
6.01
1.99
1.17
1.85
2.67
0.51
4.42
2.73
18.91
1.12
3.31
2.90
6.98
1.55
1.18
0.30
1.58
0.78
3.62
0.24
3.36
0.89
1.49
10.31
2.87
0.77
1.21
0.69
2.95
1.17
1.11
0.35
1.18
0.31
1.17
0.24
1.60
0.31
13.26
0.27
1.69
0.56
1.10
0.93
2.56
0.34
2.04
1.46
4.26
1.25
2.19
0.31
1.19
10.26
1.08
0.82
2.14
0.21
2.97
1.25
2.15
3.22
1.71
0.33
3.08
1.08
1.54
0.28
16.70
0.66
1.12
0.22
3.35
0.97
1.38
0.22
5.59
1.55
3.02
0.45
1.12
6.35
17.65
16.80
4.24
2.30
1.80
3.78
4.82
1.58
1.46
0.27
1.96
2.19
2.55
2.56
3.39
0.62
13.42
0.22
1.10
2.24
2.13
0.36
1.98
0.71
1.74
0.30
2.86
0.36
1.23
0.56
1.15
10.18
1.10
0.25
1.25
0.21
3.63
3.40
3.35
1.18
1.51
0.59
1.09
0.25
1.57
0.24
13.27
0.24
1.10
0.31
1.08
0.35
1.16
0.22
1.10
0.46
2.79
0.44
1.10
0.85
1.31
10.12
1.14
0.25
1.09
0.38
3.91
0.32
1.07
0.24
1.26
0.52
1.41
0.28
1.15
0.41
14.27
1.60
1.10
2.10
2.23
0.32
1.17
1.17
1.22
0.42
2.71
0.25
1.42
1.47
1.23
10.30
1.06
0.57
1.10
0.21
3.04
0.32
1.34
0.44
1.08
0.48
1.67
0.91
1.22
0.25
14.19
1.11
3.28
1.59
1.06
1.58
3.72
1.66
2.52
1.94
4.13
3.92
1.99
1.42
1.64
10.67
1.23
1.38
1.42
1.32
7.05
1.49
1.90
1.51
4.69
1.71
1.11
0.26
5.14
6.40
15.63
2.29
4.42
3.46
2.10
0.76
1.78
0.23
1.13
3.03
12.28
6.06
1.44
6.40
8.14
11.70
9.04
2.74
1.13
1.12
7.87
1.62
1.90
0.81
3.12
4.25
1.25
0.25
1.97
1.12
14.00
0.40
1.76
1.92
6.12
1.00
4.82
3.50
1.45
1.54
3.22
0.25
1.19
1.45
1.40
11.20
1.70
1.55
1.70
0.82
10.75
3.45
1.19
0.37
1.17
0.36
1.23
0.29
1.15
0.39
13.10
0.30
1.14
0.98
1.39
0.35
1.39
0.26
1.10
0.33
2.66
1.04
1.14
0.56
3.23
11.10
2.00
1.09
2.92
1.62
4.03
2.02
1.63
2.41
2.11
0.74
2.16
1.08
1.32
1.78
17.25
1.98
3.51
1.88
2.50
1.29
2.24
0.89
1.09
0.38
3.38
1.05
1.11
1.20
1.35
11.37
8.89
9.12
3.24
10.17
11.19
9.82
9.27
4.27
2.12
0.41
1.43
0.26
1.86
1.50
14.07
0.56
1.17
0.35
1.11
0.35
1.51
0.36
1.30
0.58
2.69
0.41
1.29
0.41
1.56
10.40
1.23
0.50
1.11
0.33
3.00
0.84
1.13
0.30
1.35
1.04
1.26
0.25
1.15
0.27
18.38
9.83
12.14
12.47
14.54
13.48
12.75
11.78
12.46
11.88
18.13
16.94
18.16
17.47
18.48
48.77
26.86
17.85
19.03
17.80
22.27
18.30
19.70
18.05
19.39
18.42
18.34
18.35
19.11
18.62
38.37
28.59
18.84
18.28
18.71
17.99
19.01
14.81
11.39
8.60
11.50
11.51
10.53
8.96
16.13
48.70
33.45
9.16
9.38
9.82
11.84
9.60
9.73
10.15
11.52
10.03
10.35
12.43
14.09
12.22
38.81
18.53
10.45
9.66
10.25
10.31
12.02
13.07
10.60
9.93
12.07
5.29
4.84
0.42
1.27
13.48
17.59
28.14
23.48
31.52
8.19
13.69
30.54
16.83
18.48
9.19
1.34
0.39
1.41
1.29
13.20
0.22
1.31
0.75
1.50
0.37
1.22
0.39
1.11
0.18
2.71
0.28
1.24
11.10
18.68
12.81
1.20
0.57
1.08
0.24
3.07
0.83
1.66
0.31
1.59
1.55
2.78
1.10
1.24
2.11
17.13
2.22
1.44
2.12
1.07
0.38
3.09
0.40
2.40
0.22
4.62
1.15
1.31
0.50
1.12
10.49
1.17
0.49
1.79
1.93
5.09
2.69
2.14
3.06
2.01
0.41
1.69
2.44
2.60
1.59
14.01
0.23
1.13
0.22
1.11
0.37
1.82
0.28
1.70
0.46
3.13
0.36
1.09
0.30
1.12
10.08
1.12
0.28
1.11
0.23
3.56
1.22
1.93
0.32
1.07
9.21
1.18
0.30
1.32
0.42
19.56
0.30
1.13
0.86
1.87
0.92
1.16
0.23
1.15
0.21
2.80
0.35
1.07
0.33
1.14
13.15
1.06
0.79
1.15
0.46
3.15
0.48
1.26
3.73
1.24
0.35
1.81
2.48
1.82
0.93
13.23
0.22
1.13
0.25
1.08
0.37
1.14
0.85
1.72
1.31
3.20
0.53
1.77
0.30
1.33
10.46
1.07
0.58
2.24
0.47
2.69
0.30
1.21
0.31
1.83
2.79
2.62
2.05
5.81
1.56
16.02
0.20
2.03
3.32
8.56
8.75
9.61
8.76
9.62
3.61
3.04
0.35
1.25
0.68
2.80
10.71
1.13
0.33
1.06
0.92
3.15
0.33
1.17
1.23
1.19
2.28
3.08
3.37
4.98
4.37
15.25
5.52
8.31
7.83
8.22
6.61
7.89
8.53
7.29
2.73
3.46
2.56
4.48
3.77
6.09
11.85
4.34
4.10
8.21
4.31
11.24
13.33
13.32
10.89
13.62
9.52
4.83
0.42
3.12
3.95
16.06
1.73
17.61
21.33
18.99
18.47
25.25
20.11
18.06
16.95
20.57
12.26
5.22
1.28
3.51
15.81
4.46
3.49
3.30
0.98
4.21
0.30
1.36
2.17
3.96
5.60
2.84
2.92
3.12
1.60
14.23
3.75
5.29
3.52
7.16
8.76
9.62
7.73
5.92
8.89
9.15
1.32
4.75
3.94
3.03
10.12
1.06
0.90
2.05
6.72
9.85
10.36
13.45
13.96
4.76
3.71
5.37
5.44
3.44
2.63
14.80
4.62
3.48
1.93
3.21
2.94
3.88
5.30
9.61
5.77
5.32
1.76
1.96
0.33
1.22
10.67
1.37
0.45
3.54
2.30
3.05
0.40
1.85
1.01
1.28
1.12
1.29
1.21
3.42
0.31
13.58
2.26
1.32
3.85
2.55
5.05
1.80
1.19
3.09
5.16
6.08
6.38
2.49
0.35
1.69
11.55
2.34
0.86
1.58
0.22
2.65
0.28
1.41
0.40
1.66
0.79
9.82
5.22
1.30
0.26
13.11
0.30
1.39
0.31
1.80
0.60
1.66
0.82
2.36
0.21
2.60
1.00
4.06
1.09
2.83
10.10
2.05
1.19
6.77
3.38
2.64
0.55
2.39
1.81
3.00
3.26
7.59
12.51
11.51
10.52
21.83
8.92
2.57
1.77
1.57
1.27
3.02
2.40
2.80
0.74
8.01
0.62
1.42
1.12
2.18
10.92
1.90
0.49
1.76
0.30
6.77
5.30
4.73
1.62
2.74
1.80
3.80
2.47
5.24
2.43
52.04
9.42
10.14
7.91
10.22
13.06
20.98
20.42
21.81
18.60
16.55
3.53
3.52
1.22
1.56
12.53
3.94
3.80
4.09
3.09
6.93
11.10
5.00
2.79
1.52
1.77
4.48
2.85
3.86
0.71
13.74
1.10
1.79
3.37
2.52
2.29
2.73
2.00
4.74
3.80
5.19
7.46
6.64
5.51
4.55
11.64
3.26
0.41
3.30
5.55
5.38
0.40
1.27
0.83
1.24
1.05
2.03
2.93
1.39
1.19
13.78
1.24
7.28
4.33
5.34
3.55
7.99
2.89
5.84
4.01
5.81
4.94
9.58
4.03
3.25
15.62
2.93
3.67
6.20
2.99
4.67
3.24
3.99
6.96
9.16
3.43
7.93
3.40
7.65
3.46
14.23
2.78
6.79
3.37
5.38
5.36
9.37
5.60
3.39
2.00
6.92
2.56
4.99
7.40
5.93
12.98
