98.97
98.80
98.38
98.96
98.99
98.14
95.92
95.80
95.89
96.16
98.90
98.79
89.24
96.86
99.03
98.98
99.00
95.80
96.04
98.94
93.62
98.39
98.97
97.60
98.90
96.98
94.81
87.90
91.43
95.77
95.84
95.75
95.80
95.82
97.10
96.39
95.16
98.99
97.59
95.21
98.87
98.82
87.30
94.91
95.86
97.27
99.06
98.01
97.04
99.06
98.18
98.40
98.96
98.97
97.31
98.81
98.89
87.78
92.26
95.32
98.59
93.21
95.81
99.05
99.02
99.04
98.94
95.84
95.95
95.87
98.97
98.88
85.86
90.56
96.78
96.89
98.91
98.97
98.99
96.13
95.54
96.58
98.49
95.72
96.24
99.07
98.95
85.92
89.44
97.16
95.66
96.53
98.89
98.97
97.55
98.74
95.81
95.98
97.26
99.02
98.89
94.50
85.37
87.69
89.19
90.16
91.96
93.42
95.34
97.28
96.21
97.51
98.71
98.99
98.97
90.90
84.05
83.61
84.31
86.17
88.06
88.38
89.40
90.31
90.79
92.34
92.74
93.57
94.49
95.06
96.06
85.37
86.11
86.68
87.22
88.15
88.74
89.47
68.93
68.48
68.13
68.14
68.14
68.13
68.12
76.45
68.20
68.21
68.25
68.25
68.25
68.22
68.24
68.27
68.33
68.52
68.54
68.52
68.53
68.52
77.32
68.56
68.53
69.63
69.60
69.61
69.64
69.65
69.67
69.64
69.68
69.69
69.70
69.67
69.67
77.95
69.70
69.80
69.80
69.81
69.80
69.80
69.80
69.81
69.82
69.77
69.79
69.81
69.77
69.77
78.76
69.85
69.84
69.83
69.87
69.85
69.88
69.86
69.85
69.87
64.77
66.62
67.96
69.26
70.55
80.49
73.30
74.70
76.13
77.56
78.76
79.82
80.89
79.69
79.66
79.68
79.67
79.68
79.68
79.69
88.60
79.74
79.74
79.73
80.11
80.13
80.16
80.23
80.28
80.27
80.24
80.25
80.27
80.26
80.28
88.62
80.25
80.24
80.22
80.41
80.22
80.21
80.23
80.29
80.37
80.37
80.62
80.65
80.64
80.66
99.07
99.07
98.96
98.94
98.74
92.19
83.55
84.29
71.95
71.35
71.40
71.36
71.38
71.35
71.54
79.96
72.17
71.90
71.88
71.87
71.90
71.91
71.91
71.88
71.89
71.88
71.88
71.87
71.89
71.87
80.81
71.93
71.91
71.93
71.91
71.93
71.90
71.92
71.92
71.93
71.91
71.93
71.93
71.94
71.94
80.31
71.97
71.99
72.02
72.02
72.03
72.03
72.05
72.02
72.04
72.03
72.06
72.03
72.04
72.03
80.98
72.10
72.07
72.08
72.09
72.23
72.26
72.26
72.23
72.26
72.23
72.23
72.24
72.27
72.23
80.59
72.27
72.28
72.27
72.32
72.34
72.31
72.33
72.34
72.31
72.33
72.30
72.32
72.31
72.28
81.06
72.36
72.31
72.34
72.33
72.36
72.33
72.33
72.32
72.35
72.34
72.34
72.32
72.35
72.33
80.61
72.38
72.35
72.43
72.44
72.65
72.96
73.05
73.11
73.11
73.11
73.10
73.11
73.09
73.10
82.41
73.61
73.57
73.57
73.66
73.66
73.67
73.73
73.72
73.70
73.72
73.70
73.71
73.72
73.72
82.17
73.73
73.73
73.70
73.71
73.74
73.74
73.75
73.74
73.78
73.76
73.73
73.72
73.76
73.71
82.46
73.79
73.78
73.78
73.76
73.79
73.80
73.78
73.79
73.78
73.82
73.81
73.81
73.78
73.80
82.17
73.84
73.80
73.82
73.81
73.83
73.85
73.83
73.84
73.87
73.86
73.86
73.87
73.91
75.92
84.78
75.96
75.92
75.93
75.91
75.92
75.92
75.93
75.91
76.08
75.96
75.92
75.91
75.93
75.92
84.55
76.32
75.99
75.97
76.01
75.99
76.01
75.99
76.01
76.03
76.01
76.03
76.05
76.04
76.05
84.87
76.12
76.07
76.08
76.08
76.11
76.08
76.09
76.12
76.09
76.17
76.16
76.17
76.16
76.13
84.47
76.21
76.22
76.20
76.22
76.23
76.20
76.22
76.21
76.20
76.23
76.21
76.22
76.21
76.22
85.16
76.24
76.24
76.22
76.22
76.21
76.22
76.20
76.26
76.25
76.25
76.42
76.41
76.41
76.41
84.76
76.44
76.44
76.42
76.45
76.42
76.43
76.41
76.46
76.44
76.45
76.46
76.44
76.50
76.51
85.31
76.54
76.52
76.54
76.53
76.51
76.53
76.71
76.79
76.80
76.81
76.80
76.81
76.80
76.80
85.17
76.82
76.83
76.81
76.83
76.83
76.83
76.87
76.85
76.87
76.85
76.83
76.85
76.81
76.83
86.34
81.84
77.08
77.07
77.11
77.10
77.08
77.10
77.08
77.08
77.08
77.06
77.08
77.07
77.06
85.43
77.11
77.09
77.09
77.12
77.10
77.11
77.12
77.10
77.10
77.09
77.15
77.09
77.10
77.09
85.93
77.70
78.52
79.28
80.06
80.78
81.46
82.12
82.75
83.38
83.96
84.57
85.13
77.28
77.28
85.64
77.31
77.28
77.28
77.29
77.28
77.31
77.31
77.46
77.30
77.30
77.27
77.29
77.44
77.28
86.32
79.39
76.36
76.33
76.31
76.51
76.52
76.54
76.52
76.55
76.83
76.89
77.45
77.47
77.49
85.90
78.49
78.52
78.53
78.54
78.54
78.54
78.55
78.53
78.54
78.53
78.49
78.51
78.49
78.49
87.42
78.50
78.48
78.58
78.56
78.58
78.56
78.58
78.65
78.80
78.64
78.64
78.66
78.65
78.67
86.99
78.70
78.73
78.74
78.72
79.41
78.88
78.85
78.86
78.85
78.86
78.88
78.87
78.88
78.89
87.88
78.95
78.92
78.93
78.93
78.97
78.98
78.96
78.96
78.95
78.95
78.97
78.94
78.93
78.94
87.30
78.96
78.97
78.96
78.99
78.97
78.99
78.96
78.97
78.97
78.97
78.95
78.96
78.94
78.98
87.80
79.02
79.00
78.97
78.96
78.99
78.97
78.95
78.98
78.95
78.96
78.93
78.95
78.94
78.99
87.47
78.99
79.00
79.01
79.01
79.03
79.02
79.00
79.02
79.03
79.01
79.02
78.99
78.99
79.00
88.01
79.05
79.03
79.03
79.04
79.02
79.03
79.05
79.16
79.10
79.09
79.10
79.08
79.10
79.08
87.45
79.08
79.08
79.16
79.17
79.18
79.16
79.14
79.17
79.15
79.18
79.16
79.15
79.18
79.17
87.92
79.21
79.19
79.22
79.22
79.23
79.25
79.22
79.24
79.24
79.25
79.25
79.40
79.24
79.26
87.64
79.25
79.24
79.26
79.29
79.28
79.40
79.58
79.41
79.43
79.44
79.43
79.44
79.40
79.43
88.42
79.47
79.45
79.42
79.46
79.44
79.43
79.45
79.42
79.46
79.43
79.44
79.44
79.46
79.48
87.83
79.51
79.49
79.48
79.48
79.74
79.74
79.76
79.80
79.74
79.72
79.74
79.76
79.71
79.71
88.58
79.70
79.72
79.81
79.71
79.71
79.72
79.72
79.73
79.74
79.76
79.77
79.78
79.80
79.77
88.16
79.77
79.76
79.76
79.81
79.81
79.79
79.78
79.81
79.81
79.81
79.79
79.80
79.82
79.79
89.31
79.89
79.89
79.88
79.90
79.88
79.90
79.89
79.87
79.89
79.89
79.89
79.88
79.88
79.90
88.19
79.89
79.90
79.89
79.91
79.90
79.89
80.05
80.12
80.21
80.17
80.30
80.34
80.33
80.46
89.29
80.56
80.52
80.55
80.47
80.45
80.63
80.65
80.74
80.73
80.74
80.79
81.07
80.79
80.98
89.21
80.91
80.64
80.66
80.87
80.71
80.61
80.60
80.62
80.63
80.64
81.05
80.85
80.98
81.01
90.10
81.11
81.10
81.07
81.10
81.08
81.09
81.11
81.10
81.09
81.09
81.09
81.08
81.06
81.05
89.45
81.07
81.08
81.11
81.14
81.14
81.12
81.15
81.13
81.12
81.13
81.34
81.10
81.14
81.12
89.87
81.14
81.10
81.10
81.12
81.14
81.12
81.12
81.16
81.14
81.15
81.12
81.12
81.13
81.12
89.48
81.12
81.11
81.14
81.13
81.13
81.18
81.15
81.12
81.14
81.13
81.12
81.15
81.13
81.15
90.02
81.17
81.29
81.16
81.15
81.16
81.14
81.16
81.14
81.15
81.17
81.14
81.15
81.14
81.12
89.50
81.16
81.14
81.18
81.16
81.17
81.23
81.21
81.19
81.21
81.23
81.21
81.19
81.18
81.16
89.99
81.21
81.21
81.40
81.41
81.36
81.40
81.39
81.37
81.38
81.40
81.38
81.40
81.38
81.40
89.75
81.39
81.41
81.41
81.43
81.41
81.44
81.43
81.47
81.48
81.49
81.48
81.47
81.50
81.48
90.48
81.55
81.52
81.51
81.50
81.50
81.51
81.52
81.55
80.98
81.27
81.14
81.40
81.39
81.40
89.86
81.46
81.45
81.49
81.45
81.47
81.50
81.49
81.47
81.45
81.48
81.46
81.46
81.48
81.48
90.34
81.49
81.44
81.47
81.45
81.48
81.47
81.44
81.44
81.42
81.43
81.43
81.45
81.45
81.47
89.85
81.47
81.48
81.48
81.46
81.47
81.49
81.46
81.48
81.47
81.48
81.46
81.49
81.48
81.48
90.51
81.50
81.49
81.48
81.51
81.49
81.50
81.47
81.50
81.49
81.50
81.49
81.49
81.50
81.51
89.82
81.52
81.51
81.51
81.50
81.48
81.49
81.47
81.46
81.49
81.48
81.50
81.47
81.49
81.47
90.34
81.51
81.51
81.50
81.48
81.50
81.51
81.49
81.51
81.51
81.50
81.71
81.51
81.54
81.54
89.95
81.57
81.56
81.54
81.55
81.56
81.54
81.59
81.58
81.60
81.59
81.62
81.61
81.63
81.62
90.60
81.64
81.63
81.62
81.64
81.62
81.64
81.60
81.59
81.60
81.60
81.61
81.63
81.61
81.58
89.98
81.66
81.62
81.64
81.64
81.66
81.66
81.64
81.63
81.64
81.66
81.66
81.67
81.64
81.63
90.65
81.74
81.65
81.65
81.67
81.72
81.73
81.72
81.78
81.75
81.79
81.81
81.79
81.78
81.80
90.12
81.80
81.79
81.81
81.77
81.79
81.91
81.92
81.90
81.89
81.99
81.92
81.92
81.91
81.93
90.94
82.16
82.12
82.15
82.15
82.18
82.14
82.17
82.16
82.17
82.14
82.11
82.12
82.11
82.11
90.45
82.13
82.13
82.16
82.13
82.14
82.14
82.13
82.22
82.20
82.24
82.24
82.26
82.25
82.27
91.08
82.26
82.26
82.27
82.24
82.26
82.27
82.22
82.23
82.21
82.26
82.23
82.25
82.21
82.57
90.60
82.27
82.24
82.27
82.26
82.27
82.29
82.26
82.28
82.27
82.27
82.26
82.29
82.26
82.22
91.30
82.29
82.28
82.27
82.28
82.30
82.28
82.29
82.30
82.28
82.30
82.29
82.31
82.29
82.30
90.61
82.30
82.31
82.30
82.32
82.34
82.31
82.32
82.29
82.33
82.50
82.32
82.33
82.32
82.32
91.25
82.36
82.35
82.35
82.38
82.37
82.37
82.36
82.38
82.36
82.37
82.44
82.42
82.40
82.43
90.77
82.45
82.44
82.42
82.44
82.45
82.46
82.44
82.46
82.52
82.49
82.50
82.51
82.49
82.51
92.12
88.85
83.39
83.58
83.74
83.89
82.95
82.92
82.94
82.97
82.94
83.07
82.96
82.92
82.94
91.47
82.98
82.97
83.00
82.99
83.00
83.01
82.99
83.02
83.00
82.98
83.01
82.99
83.00
82.99
91.93
83.00
82.98
82.97
82.99
83.01
82.98
82.99
82.98
82.96
82.96
82.95
82.96
82.97
82.97
91.43
83.00
82.99
83.02
83.02
83.01
83.02
83.04
83.02
83.01
83.00
82.95
83.26
83.23
83.24
93.04
87.69
83.88
92.02
98.61
97.87
99.02
98.96
99.04
98.93
98.70
98.92
99.01
95.79
98.91
98.97
98.94
92.49
91.74
95.68
96.91
99.04
99.01
98.86
98.86
98.93
98.97
99.01
98.93
98.92
98.87
95.92
83.87
87.40
91.70
94.81
99.02
98.95
99.02
96.75
98.36
99.01
98.94
98.93
99.03
99.01
95.71
91.84
95.69
96.63
98.96
98.88
99.04
98.95
96.03
95.76
95.83
96.29
98.90
98.92
96.70
98.90
91.06
98.95
98.95
98.90
96.62
95.83
98.99
95.82
97.98
98.26
96.44
96.15
95.89
96.07
96.11
83.91
89.05
92.52
97.58
98.94
98.23
99.01
98.96
95.83
98.90
95.68
96.06
98.95
94.21
98.98
80.82
87.68
96.58
99.04
94.35
98.94
98.87
98.98
98.94
96.57
98.21
85.88
93.21
98.95
98.62
87.96
94.60
98.65
92.98
97.87
96.83
95.76
96.32
96.44
98.94
95.77
97.64
98.94
88.37
95.10
83.44
88.76
93.08
98.19
96.91
97.82
95.56
95.88
96.02
95.80
98.97
97.24
95.66
89.20
90.42
93.71
95.53
96.78
97.58
74.25
77.26
82.22
89.90
97.25
95.56
96.22
96.21
97.20
89.51
95.04
84.66
84.52
84.98
84.79
84.46
84.60
83.48
83.08
83.25
84.16
83.20
82.91
82.84
91.10
82.82
82.18
73.32
73.05
73.07
73.07
73.04
73.05
73.07
73.06
73.07
73.07
73.04
73.04
82.11
73.49
73.47
73.49
73.45
73.45
73.47
73.45
73.49
73.51
73.49
73.51
73.52
73.52
73.52
81.88
73.55
73.56
73.57
73.55
73.56
73.54
73.56
73.54
73.57
73.56
73.55
73.68
73.74
73.72
82.56
73.77
73.75
73.74
73.73
73.75
73.74
73.76
73.80
73.77
73.82
73.80
73.81
73.83
73.81
82.23
73.84
73.82
76.02
74.84
74.88
74.86
74.92
74.92
74.93
74.95
74.94
74.92
74.95
74.94
84.00
75.02
75.01
68.22
69.58
71.05
72.62
74.23
75.99
77.47
79.19
80.79
82.49
83.91
85.14
92.88
84.52
84.52
84.53
84.51
84.51
84.54
84.51
84.54
84.52
84.53
84.55
84.52
84.53
84.52
93.26
84.15
84.12
84.11
84.12
84.14
84.13
84.12
84.16
84.28
84.16
84.18
84.26
84.67
84.66
93.03
84.71
84.74
84.76
84.96
84.97
85.17
85.35
85.38
85.36
85.35
85.36
85.35
85.34
85.37
98.73
99.05
98.92
99.07
98.87
97.05
86.04
85.51
85.13
73.16
73.16
73.16
73.14
73.15
73.14
81.67
73.50
73.46
73.48
73.47
73.45
73.46
73.47
73.46
73.48
73.46
73.47
73.44
73.46
73.47
82.33
73.50
73.45
73.47
73.47
73.48
73.47
73.50
73.47
73.49
73.50
73.50
73.49
73.50
73.48
81.90
73.51
73.50
73.54
73.53
73.56
73.54
73.61
73.63
73.65
73.66
73.64
73.67
73.64
73.65
82.69
73.69
73.67
73.71
73.71
73.74
73.71
73.74
73.72
73.69
73.74
73.70
73.71
73.69
73.70
81.99
73.70
73.69
73.72
73.75
73.75
73.73
73.75
73.74
73.74
73.73
73.73
73.72
73.87
73.88
82.62
73.93
73.89
73.93
74.11
74.11
74.08
74.11
74.09
74.10
74.11
74.11
74.10
74.12
74.12
82.45
74.14
74.13
74.12
74.11
74.13
74.15
74.14
74.12
74.14
74.11
74.11
74.11
74.14
74.14
83.37
74.98
74.52
74.50
74.51
74.49
74.53
74.51
74.51
74.50
74.51
74.55
74.52
74.50
74.51
82.80
74.52
74.54
74.54
74.56
74.57
74.56
74.54
74.76
74.57
74.71
74.73
74.76
74.93
74.80
83.72
74.85
74.82
74.82
74.84
74.87
74.82
74.83
74.80
75.87
75.90
75.88
75.93
75.92
75.93
84.28
76.09
76.05
76.07
76.10
76.10
76.11
76.09
76.11
76.12
76.10
76.10
76.08
76.15
76.15
85.09
76.42
76.57
76.58
76.59
76.81
76.75
76.74
76.77
76.78
76.79
76.77
76.80
76.78
76.79
85.05
76.83
76.83
76.84
76.82
76.82
76.83
76.84
76.81
76.82
76.82
76.80
76.81
76.79
76.82
85.60
76.87
76.81
76.81
76.83
76.86
76.84
76.86
76.85
76.84
76.84
77.02
77.07
77.08
77.06
85.54
77.08
77.10
77.10
77.12
77.12
77.09
77.11
77.08
77.10
77.08
77.10
77.10
77.08
77.08
85.97
77.12
77.09
77.12
77.12
77.14
77.12
77.14
77.15
77.14
77.15
77.16
77.12
77.13
77.16
85.46
77.16
77.17
77.18
77.17
77.20
77.19
77.21
77.16
77.19
77.16
77.18
77.19
77.17
77.19
85.99
77.23
77.22
77.22
77.22
77.22
77.24
77.23
77.22
77.22
77.22
77.19
77.25
77.22
77.24
85.61
77.27
77.22
77.22
77.23
77.20
77.23
77.42
77.44
77.41
77.43
77.45
77.41
77.42
77.41
86.91
81.88
77.82
77.60
77.63
77.60
77.63
77.78
77.62
77.63
77.62
77.62
77.61
77.64
77.63
85.90
77.65
77.66
77.65
77.64
77.66
77.65
77.67
77.68
77.97
77.94
78.13
78.17
78.15
78.17
87.02
78.78
79.62
80.36
81.09
81.81
82.48
83.13
83.77
84.40
85.00
85.56
86.15
78.34
78.36
86.68
78.53
78.46
78.55
78.43
78.45
78.43
78.46
78.44
78.46
78.45
78.43
78.47
78.43
78.47
87.66
79.54
78.61
78.60
78.59
78.61
78.62
78.61
78.62
78.61
78.62
78.61
78.63
78.62
78.63
86.97
79.42
79.44
79.46
79.47
79.44
79.45
79.52
79.56
79.55
79.55
79.54
79.57
79.55
79.55
88.35
79.56
79.57
79.56
79.58
79.58
79.57
79.59
79.56
79.59
79.56
79.60
79.58
79.58
79.59
87.96
79.75
79.78
79.77
79.75
80.39
79.80
79.78
79.82
79.82
79.81
79.79
79.82
79.80
79.81
88.78
79.87
79.85
79.86
79.83
79.84
79.86
79.83
79.85
79.83
79.83
79.84
79.85
79.83
79.84
88.14
79.87
79.86
79.89
79.87
79.86
79.86
79.87
79.85
79.87
79.86
79.85
79.87
79.86
79.85
88.79
79.89
79.87
79.87
79.86
79.89
79.86
79.86
79.87
79.84
79.90
79.83
79.84
79.86
79.84
88.16
79.82
79.78
79.79
79.81
79.90
79.93
79.92
79.94
79.93
79.92
79.94
79.92
79.94
79.98
88.91
80.26
79.98
79.99
79.97
80.00
79.96
79.98
79.96
79.98
79.96
79.98
80.00
79.98
80.00
88.43
80.02
80.01
79.98
79.99
79.91
79.91
79.93
79.90
79.92
79.95
79.91
79.93
79.91
79.92
88.80
79.94
80.07
79.94
79.96
79.94
79.97
79.96
79.95
79.97
79.93
79.96
79.92
79.93
79.96
88.42
79.99
80.00
80.01
79.99
79.99
79.98
80.01
80.01
79.98
79.99
80.00
79.98
79.96
79.97
89.03
80.01
80.02
80.03
80.00
80.02
80.01
80.04
80.03
80.02
80.04
80.03
80.05
80.05
80.06
88.35
80.07
80.07
80.07
80.08
80.05
80.06
80.09
80.06
80.08
80.10
80.07
80.09
80.08
80.09
88.94
80.09
80.28
80.35
80.35
80.36
80.38
80.38
80.41
80.41
80.41
80.39
80.41
80.40
80.42
88.79
80.45
80.45
80.43
80.43
80.44
80.46
80.45
80.46
80.47
80.44
80.45
80.43
80.45
80.45
89.93
80.55
80.52
80.51
80.52
80.54
80.54
80.55
80.53
80.52
80.52
80.54
80.52
80.54
80.55
88.86
80.54
80.55
80.53
80.54
80.50
80.51
80.52
80.54
80.51
80.53
80.51
80.53
80.50
80.50
89.32
80.56
80.56
80.55
80.57
80.56
80.57
80.58
80.59
80.56
80.57
80.57
80.61
80.62
80.58
88.98
80.78
80.79
80.77
80.79
80.91
80.88
80.90
80.88
80.86
80.86
80.86
81.40
81.38
81.40
90.41
81.47
81.44
81.45
81.48
81.46
81.48
81.46
81.44
81.48
81.44
81.46
81.44
81.48
81.46
89.77
81.64
81.45
81.48
81.48
81.48
81.62
81.47
81.45
81.47
81.46
81.46
81.49
81.48
81.48
90.31
81.52
81.49
81.47
81.47
81.45
81.47
81.45
81.48
81.48
81.49
81.48
81.44
81.46
81.47
89.75
81.51
81.52
81.51
81.50
81.50
81.52
81.53
81.51
81.53
81.52
81.51
81.49
81.51
81.48
90.37
81.52
81.51
81.52
81.52
81.50
81.53
81.52
81.53
81.51
81.54
81.53
81.54
81.52
81.56
89.90
81.58
81.57
81.58
81.56
81.56
81.56
81.87
81.88
81.86
81.87
81.90
81.87
81.86
81.88
90.71
81.91
81.88
81.88
81.90
81.95
81.96
81.95
81.96
81.97
81.98
82.00
82.01
81.98
82.01
90.39
82.20
82.01
82.00
82.03
82.05
82.05
82.03
82.05
82.10
82.06
82.09
82.06
82.07
82.09
90.96
82.10
82.09
82.10
82.12
82.09
82.10
82.08
82.08
82.12
82.36
82.19
82.17
82.17
82.19
90.58
82.17
82.18
82.16
82.17
82.16
82.17
82.15
82.15
82.18
82.17
82.15
82.18
82.15
82.17
90.99
82.18
82.18
82.18
82.23
82.24
82.21
82.23
82.23
82.24
82.24
82.22
82.21
82.23
82.21
90.55
82.27
82.24
82.25
82.27
82.27
82.40
82.37
82.38
82.42
83.13
83.12
83.07
83.06
83.24
92.08
83.15
83.14
83.16
83.15
83.17
83.14
83.16
83.17
83.15
83.16
83.14
83.16
83.13
83.16
91.44
83.16
82.82
82.83
82.81
82.81
82.84
82.83
83.03
83.05
83.05
83.02
83.04
83.02
83.04
91.96
83.07
83.07
83.09
83.07
83.08
83.20
83.07
83.29
83.66
83.69
83.84
83.69
83.73
83.88
92.27
83.92
83.92
83.98
83.97
83.97
83.95
83.96
83.97
83.95
84.10
84.09
84.07
84.09
84.07
93.11
83.99
84.01
84.01
84.04
84.05
84.05
84.08
84.09
84.07
84.17
84.18
84.18
84.35
84.66
92.88
84.50
84.52
84.53
84.52
84.55
84.52
84.53
84.54
84.55
84.57
84.57
84.60
84.59
84.60
93.61
84.75
84.59
84.51
84.53
84.84
84.98
84.96
84.99
84.98
84.94
84.94
84.96
84.93
84.96
93.38
84.87
84.89
84.90
84.87
84.89
84.92
84.97
85.01
84.98
85.00
85.02
85.03
85.01
85.01
93.97
84.24
84.24
84.21
84.23
84.20
84.26
84.27
84.26
84.25
84.25
84.27
84.24
84.27
84.27
92.66
84.28
84.29
84.28
84.30
84.33
84.36
84.36
84.38
84.35
84.39
84.39
84.42
84.40
84.42
93.32
84.48
84.48
84.52
84.50
84.52
84.49
84.52
84.50
84.53
84.53
84.55
84.51
84.54
84.60
92.99
82.45
82.83
82.12
82.71
83.24
83.44
83.37
83.40
83.65
83.72
83.63
83.69
83.23
83.35
92.37
83.63
83.50
83.50
83.64
83.71
83.65
83.64
83.65
83.64
83.65
83.67
83.68
83.70
83.72
92.11
83.72
83.70
83.77
83.82
83.80
83.84
83.84
83.83
83.84
83.98
83.86
83.84
83.84
83.86
92.79
83.97
83.93
83.95
83.97
83.99
84.07
84.35
84.05
84.02
84.03
84.07
84.08
84.07
84.07
92.08
83.78
83.82
83.89
83.86
83.87
83.89
83.88
83.89
83.85
84.15
84.77
84.35
83.74
83.75
93.36
89.18
83.05
83.53
84.00
84.18
83.44
83.42
83.47
83.67
83.70
83.68
83.71
83.69
83.68
92.14
84.05
84.07
84.05
84.09
84.06
84.07
84.04
84.06
84.06
84.07
84.09
84.06
84.09
84.11
93.03
84.11
84.04
84.12
84.12
84.18
84.17
84.18
84.19
84.16
84.18
84.21
84.22
84.25
84.28
92.95
84.02
84.02
84.19
84.34
84.47
84.53
84.54
84.56
84.55
84.54
84.56
84.58
84.56
84.56
94.26
87.32
84.39
89.39
95.61
97.32
99.01
99.06
99.04
98.96
98.37
98.94
98.99
99.04
99.00
99.02
97.10
90.80
94.63
99.05
98.70
99.02
97.89
98.98
97.86
98.98
98.90
98.98
98.87
98.89
98.63
96.73
89.67
97.40
95.81
96.63
96.46
96.13
97.25
96.22
98.79
