88.31
88.24
88.24
88.18
88.19
88.20
88.19
88.31
88.32
88.33
88.36
88.34
88.38
88.37
88.39
88.41
88.37
88.37
88.37
88.37
88.38
88.38
88.24
88.25
88.26
88.24
88.25
88.24
88.24
88.30
88.27
88.27
88.28
88.27
88.27
88.27
88.27
88.39
88.40
88.41
88.27
88.29
88.28
88.28
88.27
88.29
88.31
88.32
88.31
88.36
88.35
88.34
88.48
88.48
88.47
88.49
88.49
88.48
88.49
88.51
88.53
88.50
88.49
88.52
88.52
88.56
88.56
88.78
88.51
88.51
88.49
88.52
88.53
88.48
88.49
88.47
88.48
88.49
88.49
88.51
88.50
88.47
88.66
88.62
88.63
88.65
88.65
88.70
88.72
88.69
88.69
88.69
88.69
88.69
88.75
88.74
88.72
88.77
88.63
88.62
88.62
88.60
88.62
88.63
88.63
88.63
88.63
88.65
88.65
88.64
88.66
88.66
88.78
88.79
88.84
88.87
88.73
88.72
88.73
88.75
88.73
88.74
88.87
88.79
88.94
88.92
88.95
89.12
89.12
89.12
89.13
89.11
89.12
89.10
89.10
89.12
89.13
89.14
88.85
88.60
88.68
88.78
88.78
88.66
88.66
88.66
88.68
88.68
88.85
88.73
88.72
88.71
88.70
88.72
88.71
88.73
88.72
88.89
88.89
88.90
88.88
88.89
88.89
88.91
88.93
88.93
88.91
88.90
88.92
88.89
88.87
88.89
88.90
88.79
88.79
88.80
88.80
88.80
88.80
88.80
88.88
88.89
88.86
88.87
88.87
88.88
88.89
89.03
89.04
89.06
89.06
89.07
89.05
88.93
88.92
88.95
88.91
88.91
88.93
88.90
88.91
88.91
89.04
89.08
89.06
89.07
89.04
89.03
89.28
89.08
89.07
89.07
89.07
89.07
89.10
89.21
89.08
89.14
88.97
88.97
88.96
89.00
89.03
89.03
89.03
89.03
89.00
89.01
89.02
89.05
89.06
89.04
89.13
89.12
89.14
89.12
89.14
89.12
89.14
89.15
89.14
89.16
89.19
89.18
89.20
89.27
89.14
89.29
89.17
89.16
89.23
89.15
89.19
89.19
89.29
89.28
89.28
89.30
89.28
89.22
89.25
89.23
89.36
89.35
89.36
89.24
89.24
89.25
89.27
89.26
89.28
89.29
89.26
89.26
89.36
89.41
89.39
89.56
89.49
89.53
89.50
89.55
89.55
89.51
89.52
89.52
89.53
89.56
89.60
89.58
89.59
89.56
89.57
89.52
89.55
89.69
89.59
89.66
89.78
89.63
89.70
89.71
89.71
89.69
89.62
89.62
89.63
89.78
89.86
89.91
89.95
89.98
90.00
89.99
90.03
89.96
89.97
89.99
90.01
90.02
89.98
89.99
90.08
89.96
89.95
89.93
89.94
89.94
89.96
89.97
89.96
89.95
89.96
89.99
89.97
90.00
89.98
90.10
90.11
90.09
90.10
90.10
90.12
90.00
90.01
89.98
89.99
90.04
90.05
90.02
90.02
90.01
90.09
90.12
90.12
90.14
90.17
90.17
90.15
90.13
90.16
90.19
90.14
90.14
90.11
90.11
90.15
90.19
90.06
90.06
90.07
90.06
90.11
90.11
90.10
90.08
90.11
90.13
90.13
90.13
90.15
90.09
90.43
90.45
90.41
90.41
90.44
90.45
90.44
90.43
90.41
90.41
90.41
90.39
90.39
90.39
90.41
90.41
90.29
90.79
90.06
87.28
87.64
87.92
88.05
88.25
88.31
88.47
88.57
88.63
88.67
88.68
88.80
88.80
88.80
88.80
88.72
88.73
88.73
88.73
88.75
88.79
88.75
88.75
88.81
88.82
88.83
88.94
88.97
88.97
88.96
88.95
88.96
88.95
88.95
88.94
88.94
88.94
88.94
88.89
88.90
88.90
88.92
88.79
88.81
88.81
88.81
88.82
88.82
88.82
88.82
88.82
88.82
88.93
89.19
89.21
89.20
89.31
89.34
89.35
89.36
89.34
89.34
89.32
89.32
89.33
89.32
89.32
89.35
89.35
89.36
89.37
89.39
89.25
89.26
89.26
89.26
89.26
89.26
89.26
89.26
89.26
89.34
89.34
89.33
89.35
89.34
89.56
89.56
89.56
89.56
89.55
89.55
89.44
89.43
89.43
89.44
89.44
89.44
89.44
89.44
89.45
89.58
89.59
89.59
89.59
89.59
89.60
89.60
89.58
89.64
89.63
89.63
89.66
89.64
89.64
89.63
89.66
89.54
89.54
89.54
89.53
89.53
89.54
89.59
89.68
89.57
89.57
89.57
89.56
89.56
89.57
89.69
89.69
89.69
89.69
89.70
89.70
89.70
89.69
89.70
89.70
89.71
89.71
89.71
89.71
89.72
89.74
89.61
89.61
89.61
89.61
89.62
89.62
89.64
89.64
89.64
89.65
89.65
89.66
89.94
89.91
89.82
89.77
89.79
89.79
89.79
89.81
89.69
89.71
89.72
89.71
89.71
89.71
89.73
89.69
89.69
89.88
89.88
89.94
89.93
89.96
89.96
89.97
89.98
89.97
89.97
89.97
89.97
89.97
89.98
89.97
89.97
89.87
89.87
89.87
89.85
89.89
89.89
89.89
89.89
89.89
89.89
89.89
89.90
89.91
90.13
90.01
90.00
90.00
90.01
90.01
90.01
90.30
90.01
90.01
90.02
90.02
90.01
90.02
90.05
90.05
90.06
89.93
89.97
89.98
89.98
89.99
89.99
89.99
89.99
90.00
90.02
90.02
90.02
90.02
89.99
90.12
90.10
90.08
90.09
90.11
89.99
89.99
89.97
89.97
89.99
89.99
89.99
89.99
90.01
90.01
90.12
90.13
90.13
90.13
90.11
90.12
90.12
90.13
90.14
90.15
90.14
90.15
90.16
90.17
90.16
90.22
90.08
90.08
90.09
90.08
90.08
90.09
90.09
90.11
90.09
90.10
90.11
90.10
90.17
90.16
90.26
90.29
90.29
90.29
90.24
90.25
90.26
90.26
90.24
90.23
90.27
90.27
90.27
90.26
90.26
90.26
90.15
90.15
90.15
90.15
90.15
90.15
90.17
90.18
90.17
90.18
90.18
90.19
90.16
90.17
90.31
90.30
90.30
90.30
90.31
90.30
90.17
90.18
90.18
90.18
90.16
90.18
90.18
90.21
90.22
90.36
90.33
90.33
90.34
90.34
90.34
90.34
90.35
90.34
90.31
90.32
90.32
90.33
90.34
90.36
90.37
90.25
90.25
90.25
90.26
90.28
90.28
90.28
90.27
90.27
90.27
90.27
90.27
90.27
90.27
90.38
90.38
90.40
90.40
90.40
90.39
90.40
90.42
90.43
90.39
90.38
90.40
90.38
90.41
90.41
90.42
90.29
90.28
90.28
90.29
90.29
90.29
90.29
90.29
90.29
90.25
90.28
90.26
90.26
90.24
90.51
90.51
90.51
90.51
90.53
90.41
90.41
90.40
90.40
90.39
90.39
90.39
90.38
90.40
90.42
90.55
90.50
90.48
90.50
90.50
90.52
90.50
90.50
90.49
90.50
90.52
90.52
90.53
90.53
90.53
90.58
90.43
90.42
90.41
90.41
90.40
90.45
90.45
90.48
90.44
90.46
90.47
90.49
90.44
90.46
90.57
90.57
90.58
90.57
90.58
90.58
90.57
90.60
90.61
90.60
90.61
90.61
90.60
90.61
90.59
94.00
96.42
99.33
99.29
99.29
99.30
99.32
99.30
99.30
98.67
98.57
98.48
99.03
99.29
99.32
97.44
99.30
99.27
99.26
99.28
99.28
99.28
99.32
99.31
99.28
99.28
99.30
99.33
99.33
99.29
98.90
99.33
99.27
99.29
99.28
99.29
99.28
98.46
98.46
98.46
99.29
98.53
98.57
99.24
99.21
98.86
95.39
96.94
99.28
98.46
98.46
98.45
99.30
99.30
98.58
98.46
99.28
98.45
99.26
99.14
94.20
95.83
99.32
98.49
99.03
99.25
98.55
99.34
98.45
98.70
98.27
98.42
98.87
99.30
95.55
93.11
91.41
90.54
90.38
85.84
80.03
79.49
79.48
79.48
79.48
79.48
79.48
79.50
79.51
79.51
79.64
79.64
79.64
79.74
79.74
79.63
79.63
79.61
79.61
79.61
79.61
79.61
79.61
79.59
79.59
79.72
79.71
79.71
79.72
79.73
79.75
79.76
79.76
79.76
79.76
79.75
79.76
79.78
80.21
80.39
80.18
79.70
79.56
79.56
79.57
79.56
79.58
79.59
79.59
79.59
79.65
79.66
79.66
79.70
79.76
80.56
80.68
80.67
80.68
80.66
80.68
80.68
80.66
80.65
80.66
80.67
80.65
80.66
80.65
80.66
80.75
80.63
80.65
80.67
80.67
80.66
80.66
80.69
80.70
80.71
80.71
80.72
80.71
80.71
80.71
80.84
80.84
80.84
80.86
80.71
80.72
80.74
80.73
80.73
80.75
81.16
81.15
81.15
81.16
81.16
81.87
81.87
81.92
81.90
81.90
81.89
81.89
81.89
81.89
81.90
81.90
81.90
81.90
81.92
81.91
82.39
82.40
82.26
82.26
82.26
82.26
82.27
82.25
82.33
82.34
82.34
82.36
82.34
82.36
82.35
82.61
82.61
82.47
82.47
82.47
82.48
82.47
82.47
82.47
82.47
82.49
82.47
82.49
82.50
82.50
82.52
82.39
82.40
82.40
82.41
82.41
82.38
82.37
82.37
82.38
82.40
82.39
82.39
82.39
82.38
82.56
82.56
82.57
82.57
82.57
82.55
82.57
82.44
82.45
82.45
82.44
82.44
82.47
82.45
82.45
82.58
82.59
82.58
82.58
82.58
82.58
82.57
82.59
82.61
82.60
82.60
82.61
82.61
82.62
82.61
82.62
82.61
82.49
82.49
82.49
82.49
82.50
82.49
82.53
82.53
82.53
82.54
82.54
82.54
82.54
82.66
82.67
82.67
82.67
82.68
82.66
82.65
82.72
82.74
82.72
82.72
82.73
82.72
82.73
82.73
82.75
82.64
82.67
82.67
82.70
82.65
82.66
82.66
82.65
82.64
82.66
82.68
81.39
83.30
85.08
86.73
86.29
86.31
86.55
86.55
86.44
86.46
86.45
86.58
86.59
86.59
86.59
86.65
86.65
86.65
86.78
86.78
86.78
86.79
86.79
86.80
86.80
86.80
86.77
86.77
86.78
86.79
86.79
86.79
86.83
86.80
86.85
86.72
86.72
86.72
86.73
86.73
86.73
86.68
86.68
86.68
86.68
86.69
86.69
86.69
86.96
86.96
86.96
86.96
86.96
86.96
86.96
86.96
86.97
86.97
86.97
86.97
86.97
86.97
86.97
86.98
86.86
86.86
86.86
86.86
86.87
86.86
86.87
86.87
86.87
86.87
86.88
86.88
86.88
86.88
87.02
87.02
87.02
87.02
87.01
87.02
86.90
86.90
86.90
86.90
86.90
86.90
86.90
86.91
86.91
87.04
87.04
87.04
87.04
87.04
87.04
87.04
87.04
87.04
87.05
87.05
87.05
87.15
87.15
87.15
87.15
87.15
87.03
87.03
87.03
87.03
87.04
87.04
87.04
87.04
87.04
87.04
87.11
87.32
87.32
87.45
87.46
87.45
87.46
87.45
87.46
87.46
87.46
87.46
87.46
87.46
87.46
87.46
87.47
87.47
87.47
87.35
87.35
87.36
87.36
87.36
87.36
87.37
87.37
87.37
87.38
87.38
87.38
87.38
87.44
87.61
87.61
87.62
87.62
87.62
87.62
87.62
87.50
87.50
87.50
87.50
87.50
87.52
87.52
87.52
86.98
86.96
86.96
86.96
86.98
86.98
87.00
87.00
87.01
87.02
86.98
86.98
86.98
86.99
86.99
87.00
87.00
86.88
86.88
86.88
86.89
86.89
86.89
86.90
86.90
86.90
86.90
86.90
86.90
86.90
87.03
87.03
87.02
87.03
87.03
87.04
87.04
87.04
87.05
87.05
87.05
87.05
87.05
87.05
87.06
87.06
86.94
86.94
86.94
86.94
86.95
86.95
86.97
86.98
86.97
86.98
86.98
87.00
87.03
87.10
87.21
87.21
87.21
87.10
87.10
87.10
87.10
87.09
87.10
87.11
87.11
87.10
87.09
87.10
87.11
87.26
87.25
87.26
87.26
87.26
87.27
87.26
87.26
87.27
87.32
87.32
87.32
87.33
87.33
87.33
87.34
87.34
87.22
87.22
87.23
87.22
87.22
87.22
87.23
87.23
87.25
87.24
87.24
87.24
87.24
87.37
87.38
87.38
87.38
87.38
87.39
87.38
87.39
87.39
87.39
87.40
87.41
87.57
87.57
87.58
87.64
87.51
87.51
87.63
87.63
87.63
87.64
87.64
87.64
87.64
87.65
87.65
87.64
87.64
87.64
87.77
87.77
87.78
87.78
87.66
87.67
87.67
87.67
87.67
87.67
87.67
87.68
87.67
87.67
87.67
87.80
87.80
87.81
87.81
87.80
87.81
87.82
87.81
87.81
87.82
87.86
87.86
87.90
87.90
88.02
88.02
88.02
87.90
87.90
87.90
87.90
87.90
87.90
87.91
87.92
87.92
87.92
87.93
87.93
87.94
88.07
88.06
88.06
88.08
88.07
88.08
88.08
88.08
88.08
88.17
88.17
88.17
88.17
88.17
88.21
88.22
88.10
88.10
88.10
88.09
88.11
88.09
88.10
88.12
88.11
88.12
88.13
88.12
88.13
88.13
88.26
88.26
88.26
88.26
88.27
88.15
88.24
88.25
88.26
88.26
88.26
88.24
88.24
88.25
88.26
88.38
88.36
88.37
88.37
88.36
88.38
88.39
88.39
88.39
88.39
88.40
88.40
88.41
88.51
88.51
88.54
88.54
88.43
88.39
88.37
88.38
88.43
88.43
88.43
88.44
88.45
88.44
88.47
88.47
88.46
88.62
88.62
88.61
88.61
88.60
88.62
88.61
88.61
88.64
88.62
88.63
88.67
88.81
88.83
88.81
88.82
88.71
88.75
88.70
88.69
88.69
88.71
88.70
88.70
88.70
88.74
88.71
88.74
88.71
88.72
88.85
88.85
88.90
88.86
88.84
88.72
88.74
88.73
88.72
88.74
88.75
88.74
88.75
88.73
88.73
88.87
88.87
88.88
88.89
88.89
88.90
88.91
88.91
88.91
88.91
88.90
88.94
88.93
88.92
88.94
88.95
88.95
88.82
88.82
88.83
88.83
88.83
88.84
88.84
88.85
88.84
88.88
88.87
88.88
88.89
89.03
89.06
89.03
89.04
89.04
89.03
89.03
89.04
89.04
89.05
89.04
89.05
89.05
89.04
89.05
89.06
88.94
88.94
88.93
88.92
88.94
88.93
88.93
88.95
88.94
88.95
88.94
88.94
88.95
88.96
89.22
89.23
89.23
89.23
89.11
89.12
89.12
89.11
89.11
89.10
89.10
89.10
89.09
89.11
89.10
89.24
89.24
89.24
89.25
89.25
89.26
89.27
89.27
89.30
89.30
89.28
89.28
89.31
89.32
89.32
89.36
89.35
89.24
89.24
89.25
89.62
89.48
89.52
89.51
89.50
89.51
89.50
89.53
89.50
89.52
89.64
89.66
89.63
89.62
89.65
89.72
89.69
89.70
89.72
89.69
89.69
89.72
89.70
89.73
89.71
89.74
89.62
89.62
89.61
89.62
89.62
89.63
89.62
89.62
89.62
89.62
89.64
89.63
89.65
89.62
89.77
89.76
89.76
89.78
89.66
89.70
89.68
89.68
89.70
89.71
89.67
89.70
89.69
89.71
89.70
89.83
89.83
89.89
89.90
89.84
89.85
89.86
89.88
89.87
89.86
89.85
89.85
89.87
89.86
89.88
89.87
89.89
89.85
89.84
89.83
89.82
89.82
89.83
89.87
89.88
89.91
89.90
89.93
89.93
89.94
90.05
90.03
90.04
90.05
90.04
90.04
90.05
90.03
90.03
90.09
90.10
90.13
90.09
90.11
90.10
90.10
89.98
90.04
89.98
89.98
90.00
89.98
90.00
90.00
90.01
90.08
90.15
90.00
90.01
90.02
90.04
90.04
90.27
90.30
88.98
89.27
89.29
89.29
89.30
89.33
89.34
89.35
89.35
89.40
89.39
89.40
89.40
89.41
89.42
89.40
89.41
89.41
89.37
89.39
89.40
89.43
89.42
89.42
89.43
89.44
89.48
89.49
89.48
89.47
89.49
89.47
89.48
89.50
89.52
89.50
89.51
89.51
89.51
89.52
89.49
89.54
89.63
89.56
89.63
89.58
89.59
89.61
89.60
89.58
89.59
89.61
89.64
89.64
89.66
89.66
89.66
89.64
89.62
89.62
89.65
89.74
89.77
89.75
89.75
89.76
89.75
89.79
89.79
89.82
89.80
90.06
90.08
90.08
90.08
90.07
90.08
90.10
90.22
90.12
90.15
90.22
90.20
90.20
90.10
90.07
90.30
90.29
90.27
90.30
90.28
90.28
90.29
90.28
90.28
90.30
90.29
90.30
90.28
90.29
90.31
90.34
90.33
90.20
90.19
90.20
90.22
90.27
90.25
90.23
90.24
90.22
90.23
90.23
90.24
90.25
90.37
90.35
90.36
90.36
90.36
90.38
90.39
90.38
90.38
90.44
90.45
90.37
90.37
90.38
90.41
90.36
90.24
90.33
90.26
90.27
90.28
90.30
90.29
90.29
90.28
90.29
90.29
90.32
90.30
90.29
90.41
90.40
90.37
90.36
90.39
90.43
90.43
90.40
90.16
90.18
90.18
90.18
90.19
90.38
90.36
90.35
90.25
90.28
90.41
90.32
90.33
90.42
90.46
90.43
90.42
90.43
90.43
90.40
90.41
90.42
90.47
90.50
90.46
90.48
90.53
90.65
90.51
90.50
90.51
90.51
90.50
90.52
90.52
90.51
90.52
90.55
90.52
90.55
90.53
90.54
90.63
90.53
90.48
90.56
90.58
90.57
90.56
90.61
90.57
90.57
90.58
90.56
90.56
90.55
90.55
90.56
90.58
90.57
90.57
90.57
90.57
90.55
90.55
90.58
90.57
90.59
90.63
90.60
90.61
90.61
90.68
90.65
90.66
90.65
90.64
90.63
90.66
90.66
90.66
90.65
90.68
90.72
90.72
90.85
90.84
90.85
90.86
90.84
90.84
90.85
90.88
90.85
90.85
90.86
90.84
90.85
90.86
90.87
90.87
90.94
90.86
90.86
90.88
90.86
90.87
90.87
90.85
90.86
90.86
90.86
90.96
91.05
91.19
91.12
91.12
91.11
91.18
91.18
91.16
91.35
91.36
91.37
91.38
91.42
91.41
91.45
91.45
91.43
91.43
91.46
91.45
91.46
91.45
91.40
91.59
91.57
91.56
91.56
91.77
91.59
91.72
91.70
91.71
91.60
91.60
91.80
91.61
91.60
91.61
91.71
91.75
91.56
91.46
91.53
91.42
91.59
91.74
91.64
91.59
91.59
91.58
91.58
91.59
91.61
91.60
91.60
91.64
91.60
91.59
91.64
91.61
91.60
91.49
91.53
91.48
91.50
91.58
91.54
91.50
91.54
91.54
91.51
91.52
91.58
91.53
91.68
91.69
91.68
91.67
91.69
91.84
91.67
91.72
91.67
91.67
91.66
91.66
91.72
91.69
91.71
91.62
91.54
91.51
91.50
91.52
91.48
91.50
91.56
91.52
91.54
91.53
91.54
91.53
91.53
91.51
91.65
91.64
91.66
91.75
91.68
91.63
91.67
91.68
91.78
91.78
91.77
91.79
91.76
91.76
91.80
91.20
91.24
91.19
91.19
91.19
91.21
91.19
91.22
91.22
91.23
91.22
91.26
91.26
91.30
91.30
91.34
91.61
91.26
91.38
91.45
91.31
91.39
91.52
91.36
91.20
91.20
91.21
91.21
91.29
91.25
91.31
91.32
91.33
91.36
91.36
91.36
91.34
91.34
91.33
91.35
91.35
91.36
91.36
91.38
91.37
91.37
91.23
91.24
91.24
91.25
91.30
91.24
91.25
91.25
91.27
91.26
91.27
91.27
91.27
91.25
93.97
96.90
99.34
99.30
99.30
99.33
98.94
99.31
98.95
99.33
98.57
98.48
98.99
98.48
99.29
98.49
99.29
99.29
99.26
99.29
99.29
99.26
99.29
98.41
99.28
99.26
99.29
99.29
99.26
99.28
99.13
99.28
99.29
99.28
99.31
99.33
99.28
99.33
98.53
98.52
98.51
99.28
98.56
98.57
99.29
99.23
99.29
98.85
98.51
99.29
98.77
98.50
99.32
99.31
99.31
98.45
98.52
99.11
98.64
99.27
99.23
94.71
97.75
99.32
98.62
98.76
99.27
98.50
99.30
98.82
98.58
98.31
98.54
98.57
98.66
90.10
90.53
91.47
88.19
87.93
87.51
86.84
86.39
83.04
77.49
76.82
76.82
76.83
76.84
76.83
76.99
76.96
76.97
76.97
76.97
76.97
77.03
77.00
76.98
76.97
77.00
76.98
76.99
75.02
74.45
74.61
74.70
74.57
74.57
74.60
74.67
74.60
74.59
74.60
74.61
74.62
74.64
74.72
74.68
74.66
75.10
75.09
75.09
75.10
75.09
75.10
75.12
75.12
75.14
75.14
75.19
75.19
75.17
75.19
75.22
75.66
75.54
75.58
75.55
75.57
75.55
75.58
75.60
75.54
75.57
75.56
75.57
75.59
75.60
75.60
75.79
75.82
75.78
75.82
75.64
75.65
75.66
75.67
75.69
75.69
75.72
75.74
75.71
75.71
75.74
75.81
75.82
75.82
75.82
75.83
75.83
75.88
75.86
75.88
75.86
76.28
76.28
76.36
76.30
76.31
76.88
76.88
76.77
76.75
76.77
76.80
76.80
76.82
76.80
76.85
76.78
76.79
76.80
76.84
76.78
77.37
77.38
77.39
77.40
77.41
77.40
77.40
77.42
77.54
77.50
77.50
77.49
77.50
77.48
77.47
77.50
77.37
77.37
77.35
77.35
77.35
77.35
77.37
77.36
77.43
77.41
77.41
77.44
77.43
77.39
77.55
77.53
77.53
77.53
77.53
77.56
77.42
77.42
77.43
77.49
77.59
77.68
77.70
77.76
77.63
77.83
77.83
77.72
77.68
77.99
78.00
78.05
78.03
78.06
77.58
77.60
77.63
77.58
77.56
77.57
77.66
77.59
77.51
77.46
77.46
77.53
77.49
77.51
77.49
77.50
77.52
77.55
77.54
77.53
77.57
77.67
77.93
77.77
78.38
78.44
78.41
78.53
78.47
78.48
78.46
78.50
78.47
78.46
78.43
78.60
78.57
78.44
78.36
78.44
78.36
78.86
78.84
78.88
78.94
78.96
78.48
78.51
78.54
78.50
78.56
78.78
78.77
79.22
79.75
79.64
79.88
80.11
79.66
79.69
79.72
79.61
79.17
78.52
78.66
79.11
79.12
79.55
79.93
79.93
79.95
79.95
79.95
79.96
80.42
80.70
81.36
81.27
81.79
81.53
81.54
81.54
81.71
81.59
81.61
81.92
81.93
82.02
82.33
81.85
81.78
82.04
82.04
81.82
81.95
81.87
82.00
82.00
82.00
82.00
81.95
82.79
84.68
86.23
86.69
86.74
86.75
86.75
86.78
86.80
86.78
87.11
86.83
86.84
86.85
87.10
86.81
86.82
87.38
87.82
87.31
86.95
87.12
86.97
86.98
86.98
86.98
86.98
86.98
87.05
87.06
87.06
87.06
87.07
87.06
87.08
87.08
87.08
87.09
87.10
87.09
87.11
87.13
87.14
87.01
87.18
87.05
87.05
87.07
87.11
87.15
87.35
87.34
87.10
87.10
87.10
87.27
87.20
87.20
87.20
87.20
87.20
87.20
87.21
87.21
87.22
87.22
87.23
87.23
87.24
87.24
87.24
87.24
87.24
87.25
87.25
87.24
87.25
87.25
87.26
87.26
87.26
87.26
87.31
87.31
87.31
87.43
87.32
87.32
87.44
87.33
87.33
87.33
87.33
87.34
87.38
87.35
87.33
87.34
87.38
87.37
87.73
86.02
86.04
86.31
86.31
86.36
86.39
86.49
86.55
86.49
86.29
86.16
86.16
86.26
86.25
86.41
86.41
86.40
86.42
86.42
86.66
86.67
86.67
86.67
86.65
86.65
86.68
86.68
86.69
86.67
86.77
86.60
86.00
86.17
86.40
86.51
86.81
86.86
87.29
86.44
85.76
85.76
85.76
85.80
85.81
85.97
85.95
85.97
86.04
85.97
86.23
86.01
86.00
86.00
86.00
86.03
86.02
81.81
82.96
83.22
83.25
83.17
83.32
84.12
84.26
84.26
84.26
84.40
84.47
84.48
84.75
84.84
84.85
85.36
85.32
85.35
85.35
85.23
85.23
85.41
85.56
85.56
85.56
85.56
85.56
85.56
85.57
85.58
85.59
85.59
85.72
85.73
85.90
85.93
85.58
85.57
85.64
85.64
85.78
85.79
85.90
86.01
86.02
86.04
86.09
86.07
86.09
85.92
85.94
85.94
85.94
86.05
86.07
86.06
86.10
83.99
84.80
84.84
85.48
85.53
85.80
85.74
85.86
85.87
85.90
82.77
84.57
84.72
84.77
84.77
84.89
85.31
85.24
85.73
85.55
85.69
